{"E:\\GIT Working Folders\\Outdoorsy\\app.js": {"path":"E:\\GIT Working Folders\\Outdoorsy\\app.js","statementMap":{"0":{"start":{"line":1,"column":0},"end":{"line":1,"column":27}},"1":{"start":{"line":3,"column":16},"end":{"line":3,"column":34}},"2":{"start":{"line":4,"column":13},"end":{"line":4,"column":28}},"3":{"start":{"line":5,"column":16},"end":{"line":5,"column":42}},"4":{"start":{"line":6,"column":14},"end":{"line":6,"column":38}},"5":{"start":{"line":7,"column":17},"end":{"line":7,"column":36}},"6":{"start":{"line":8,"column":22},"end":{"line":8,"column":47}},"7":{"start":{"line":9,"column":13},"end":{"line":9,"column":37}},"8":{"start":{"line":10,"column":25},"end":{"line":10,"column":56}},"9":{"start":{"line":11,"column":21},"end":{"line":11,"column":48}},"10":{"start":{"line":12,"column":19},"end":{"line":12,"column":44}},"11":{"start":{"line":13,"column":32},"end":{"line":13,"column":60}},"12":{"start":{"line":15,"column":12},"end":{"line":15,"column":21}},"13":{"start":{"line":17,"column":0},"end":{"line":17,"column":26}},"14":{"start":{"line":18,"column":0},"end":{"line":18,"column":30}},"15":{"start":{"line":19,"column":0},"end":{"line":19,"column":48}},"16":{"start":{"line":20,"column":0},"end":{"line":20,"column":48}},"17":{"start":{"line":23,"column":0},"end":{"line":23,"column":66}},"18":{"start":{"line":25,"column":22},"end":{"line":37,"column":1}},"19":{"start":{"line":39,"column":0},"end":{"line":39,"column":32}},"20":{"start":{"line":40,"column":0},"end":{"line":40,"column":17}},"21":{"start":{"line":42,"column":0},"end":{"line":42,"column":31}},"22":{"start":{"line":43,"column":0},"end":{"line":43,"column":28}},"23":{"start":{"line":45,"column":0},"end":{"line":45,"column":53}},"24":{"start":{"line":46,"column":0},"end":{"line":46,"column":45}},"25":{"start":{"line":47,"column":0},"end":{"line":47,"column":49}},"26":{"start":{"line":50,"column":0},"end":{"line":57,"column":3}},"27":{"start":{"line":51,"column":2},"end":{"line":51,"column":33}},"28":{"start":{"line":52,"column":2},"end":{"line":52,"column":35}},"29":{"start":{"line":53,"column":2},"end":{"line":53,"column":44}},"30":{"start":{"line":54,"column":2},"end":{"line":54,"column":44}},"31":{"start":{"line":55,"column":2},"end":{"line":55,"column":40}},"32":{"start":{"line":56,"column":2},"end":{"line":56,"column":9}},"33":{"start":{"line":60,"column":0},"end":{"line":60,"column":52}},"34":{"start":{"line":61,"column":0},"end":{"line":61,"column":60}},"35":{"start":{"line":62,"column":0},"end":{"line":62,"column":30}},"36":{"start":{"line":64,"column":0},"end":{"line":66,"column":3}},"37":{"start":{"line":65,"column":2},"end":{"line":65,"column":21}},"38":{"start":{"line":68,"column":0},"end":{"line":72,"column":3}},"39":{"start":{"line":69,"column":31},"end":{"line":69,"column":34}},"40":{"start":{"line":70,"column":2},"end":{"line":70,"column":58}},"41":{"start":{"line":70,"column":20},"end":{"line":70,"column":58}},"42":{"start":{"line":71,"column":2},"end":{"line":71,"column":50}},"43":{"start":{"line":74,"column":13},"end":{"line":74,"column":37}},"44":{"start":{"line":75,"column":0},"end":{"line":77,"column":3}},"45":{"start":{"line":76,"column":2},"end":{"line":76,"column":41}}},"fnMap":{"0":{"name":"(anonymous_0)","decl":{"start":{"line":50,"column":8},"end":{"line":50,"column":9}},"loc":{"start":{"line":50,"column":28},"end":{"line":57,"column":1}},"line":50},"1":{"name":"(anonymous_1)","decl":{"start":{"line":64,"column":18},"end":{"line":64,"column":19}},"loc":{"start":{"line":64,"column":32},"end":{"line":66,"column":1}},"line":64},"2":{"name":"(anonymous_2)","decl":{"start":{"line":68,"column":8},"end":{"line":68,"column":9}},"loc":{"start":{"line":68,"column":33},"end":{"line":72,"column":1}},"line":68},"3":{"name":"(anonymous_3)","decl":{"start":{"line":75,"column":17},"end":{"line":75,"column":18}},"loc":{"start":{"line":75,"column":23},"end":{"line":77,"column":1}},"line":75}},"branchMap":{"0":{"loc":{"start":{"line":26,"column":10},"end":{"line":26,"column":67}},"type":"binary-expr","locations":[{"start":{"line":26,"column":10},"end":{"line":26,"column":36}},{"start":{"line":26,"column":40},"end":{"line":26,"column":67}}],"line":26},"1":{"loc":{"start":{"line":53,"column":27},"end":{"line":53,"column":43}},"type":"binary-expr","locations":[{"start":{"line":53,"column":27},"end":{"line":53,"column":35}},{"start":{"line":53,"column":39},"end":{"line":53,"column":43}}],"line":53},"2":{"loc":{"start":{"line":69,"column":10},"end":{"line":69,"column":26}},"type":"default-arg","locations":[{"start":{"line":69,"column":23},"end":{"line":69,"column":26}}],"line":69},"3":{"loc":{"start":{"line":70,"column":2},"end":{"line":70,"column":58}},"type":"if","locations":[{"start":{"line":70,"column":2},"end":{"line":70,"column":58}},{"start":{},"end":{}}],"line":70},"4":{"loc":{"start":{"line":74,"column":13},"end":{"line":74,"column":37}},"type":"binary-expr","locations":[{"start":{"line":74,"column":13},"end":{"line":74,"column":29}},{"start":{"line":74,"column":33},"end":{"line":74,"column":37}}],"line":74}},"s":{"0":0,"1":0,"2":0,"3":0,"4":0,"5":0,"6":0,"7":0,"8":0,"9":0,"10":0,"11":0,"12":0,"13":0,"14":0,"15":0,"16":0,"17":0,"18":0,"19":0,"20":0,"21":0,"22":0,"23":0,"24":0,"25":0,"26":0,"27":0,"28":0,"29":0,"30":0,"31":0,"32":0,"33":0,"34":0,"35":0,"36":0,"37":0,"38":0,"39":0,"40":0,"41":0,"42":0,"43":0,"44":0,"45":0},"f":{"0":0,"1":0,"2":0,"3":0},"b":{"0":[0,0],"1":[0,0],"2":[0],"3":[0,0],"4":[0,0]}}
,"E:\\GIT Working Folders\\Outdoorsy\\middleware.js": {"path":"E:\\GIT Working Folders\\Outdoorsy\\middleware.js","statementMap":{"0":{"start":{"line":1,"column":43},"end":{"line":1,"column":66}},"1":{"start":{"line":2,"column":21},"end":{"line":2,"column":52}},"2":{"start":{"line":3,"column":19},"end":{"line":3,"column":49}},"3":{"start":{"line":4,"column":15},"end":{"line":4,"column":41}},"4":{"start":{"line":5,"column":22},"end":{"line":5,"column":50}},"5":{"start":{"line":8,"column":0},"end":{"line":15,"column":2}},"6":{"start":{"line":9,"column":2},"end":{"line":13,"column":3}},"7":{"start":{"line":10,"column":4},"end":{"line":10,"column":43}},"8":{"start":{"line":11,"column":4},"end":{"line":11,"column":55}},"9":{"start":{"line":12,"column":4},"end":{"line":12,"column":44}},"10":{"start":{"line":14,"column":2},"end":{"line":14,"column":9}},"11":{"start":{"line":18,"column":0},"end":{"line":26,"column":2}},"12":{"start":{"line":19,"column":20},"end":{"line":19,"column":55}},"13":{"start":{"line":20,"column":2},"end":{"line":24,"column":3}},"14":{"start":{"line":21,"column":16},"end":{"line":21,"column":85}},"15":{"start":{"line":21,"column":62},"end":{"line":21,"column":71}},"16":{"start":{"line":22,"column":4},"end":{"line":22,"column":23}},"17":{"start":{"line":23,"column":4},"end":{"line":23,"column":37}},"18":{"start":{"line":25,"column":2},"end":{"line":25,"column":9}},"19":{"start":{"line":29,"column":0},"end":{"line":45,"column":2}},"20":{"start":{"line":30,"column":2},"end":{"line":44,"column":3}},"21":{"start":{"line":31,"column":19},"end":{"line":31,"column":29}},"22":{"start":{"line":32,"column":23},"end":{"line":32,"column":52}},"23":{"start":{"line":33,"column":4},"end":{"line":36,"column":5}},"24":{"start":{"line":34,"column":6},"end":{"line":34,"column":49}},"25":{"start":{"line":35,"column":6},"end":{"line":35,"column":52}},"26":{"start":{"line":37,"column":4},"end":{"line":40,"column":5}},"27":{"start":{"line":38,"column":6},"end":{"line":38,"column":67}},"28":{"start":{"line":39,"column":6},"end":{"line":39,"column":58}},"29":{"start":{"line":41,"column":4},"end":{"line":41,"column":11}},"30":{"start":{"line":43,"column":4},"end":{"line":43,"column":14}},"31":{"start":{"line":48,"column":0},"end":{"line":64,"column":2}},"32":{"start":{"line":49,"column":2},"end":{"line":63,"column":3}},"33":{"start":{"line":50,"column":29},"end":{"line":50,"column":39}},"34":{"start":{"line":51,"column":19},"end":{"line":51,"column":50}},"35":{"start":{"line":52,"column":4},"end":{"line":55,"column":5}},"36":{"start":{"line":53,"column":6},"end":{"line":53,"column":45}},"37":{"start":{"line":54,"column":6},"end":{"line":54,"column":58}},"38":{"start":{"line":56,"column":4},"end":{"line":59,"column":5}},"39":{"start":{"line":57,"column":6},"end":{"line":57,"column":67}},"40":{"start":{"line":58,"column":6},"end":{"line":58,"column":58}},"41":{"start":{"line":60,"column":4},"end":{"line":60,"column":11}},"42":{"start":{"line":62,"column":4},"end":{"line":62,"column":14}},"43":{"start":{"line":67,"column":0},"end":{"line":74,"column":2}},"44":{"start":{"line":68,"column":20},"end":{"line":68,"column":51}},"45":{"start":{"line":69,"column":2},"end":{"line":72,"column":3}},"46":{"start":{"line":70,"column":16},"end":{"line":70,"column":64}},"47":{"start":{"line":70,"column":42},"end":{"line":70,"column":52}},"48":{"start":{"line":71,"column":4},"end":{"line":71,"column":37}},"49":{"start":{"line":73,"column":2},"end":{"line":73,"column":9}},"50":{"start":{"line":77,"column":0},"end":{"line":82,"column":2}},"51":{"start":{"line":78,"column":2},"end":{"line":80,"column":3}},"52":{"start":{"line":79,"column":4},"end":{"line":79,"column":47}},"53":{"start":{"line":81,"column":2},"end":{"line":81,"column":9}}},"fnMap":{"0":{"name":"(anonymous_0)","decl":{"start":{"line":8,"column":28},"end":{"line":8,"column":29}},"loc":{"start":{"line":8,"column":48},"end":{"line":15,"column":1}},"line":8},"1":{"name":"(anonymous_1)","decl":{"start":{"line":18,"column":36},"end":{"line":18,"column":37}},"loc":{"start":{"line":18,"column":56},"end":{"line":26,"column":1}},"line":18},"2":{"name":"(anonymous_2)","decl":{"start":{"line":21,"column":55},"end":{"line":21,"column":56}},"loc":{"start":{"line":21,"column":62},"end":{"line":21,"column":71}},"line":21},"3":{"name":"(anonymous_3)","decl":{"start":{"line":29,"column":26},"end":{"line":29,"column":27}},"loc":{"start":{"line":29,"column":52},"end":{"line":45,"column":1}},"line":29},"4":{"name":"(anonymous_4)","decl":{"start":{"line":48,"column":32},"end":{"line":48,"column":33}},"loc":{"start":{"line":48,"column":58},"end":{"line":64,"column":1}},"line":48},"5":{"name":"(anonymous_5)","decl":{"start":{"line":67,"column":32},"end":{"line":67,"column":33}},"loc":{"start":{"line":67,"column":52},"end":{"line":74,"column":1}},"line":67},"6":{"name":"(anonymous_6)","decl":{"start":{"line":70,"column":34},"end":{"line":70,"column":35}},"loc":{"start":{"line":70,"column":42},"end":{"line":70,"column":52}},"line":70},"7":{"name":"(anonymous_7)","decl":{"start":{"line":77,"column":31},"end":{"line":77,"column":32}},"loc":{"start":{"line":77,"column":51},"end":{"line":82,"column":1}},"line":77}},"branchMap":{"0":{"loc":{"start":{"line":9,"column":2},"end":{"line":13,"column":3}},"type":"if","locations":[{"start":{"line":9,"column":2},"end":{"line":13,"column":3}},{"start":{},"end":{}}],"line":9},"1":{"loc":{"start":{"line":20,"column":2},"end":{"line":24,"column":3}},"type":"if","locations":[{"start":{"line":20,"column":2},"end":{"line":24,"column":3}},{"start":{},"end":{}}],"line":20},"2":{"loc":{"start":{"line":33,"column":4},"end":{"line":36,"column":5}},"type":"if","locations":[{"start":{"line":33,"column":4},"end":{"line":36,"column":5}},{"start":{},"end":{}}],"line":33},"3":{"loc":{"start":{"line":37,"column":4},"end":{"line":40,"column":5}},"type":"if","locations":[{"start":{"line":37,"column":4},"end":{"line":40,"column":5}},{"start":{},"end":{}}],"line":37},"4":{"loc":{"start":{"line":52,"column":4},"end":{"line":55,"column":5}},"type":"if","locations":[{"start":{"line":52,"column":4},"end":{"line":55,"column":5}},{"start":{},"end":{}}],"line":52},"5":{"loc":{"start":{"line":56,"column":4},"end":{"line":59,"column":5}},"type":"if","locations":[{"start":{"line":56,"column":4},"end":{"line":59,"column":5}},{"start":{},"end":{}}],"line":56},"6":{"loc":{"start":{"line":69,"column":2},"end":{"line":72,"column":3}},"type":"if","locations":[{"start":{"line":69,"column":2},"end":{"line":72,"column":3}},{"start":{},"end":{}}],"line":69},"7":{"loc":{"start":{"line":78,"column":2},"end":{"line":80,"column":3}},"type":"if","locations":[{"start":{"line":78,"column":2},"end":{"line":80,"column":3}},{"start":{},"end":{}}],"line":78}},"s":{"0":1,"1":1,"2":1,"3":1,"4":1,"5":1,"6":3,"7":2,"8":2,"9":2,"10":1,"11":1,"12":0,"13":0,"14":0,"15":0,"16":0,"17":0,"18":0,"19":1,"20":0,"21":0,"22":0,"23":0,"24":0,"25":0,"26":0,"27":0,"28":0,"29":0,"30":0,"31":1,"32":0,"33":0,"34":0,"35":0,"36":0,"37":0,"38":0,"39":0,"40":0,"41":0,"42":0,"43":1,"44":0,"45":0,"46":0,"47":0,"48":0,"49":0,"50":1,"51":0,"52":0,"53":0},"f":{"0":3,"1":0,"2":0,"3":0,"4":0,"5":0,"6":0,"7":0},"b":{"0":[2,1],"1":[0,0],"2":[0,0],"3":[0,0],"4":[0,0],"5":[0,0],"6":[0,0],"7":[0,0]},"_coverageSchema":"1a1c01bbd47fc00a2c39e90264f33305004495a9","hash":"058c6d3d2965f13b947f65a946a5c6063223dfd0"}
,"E:\\GIT Working Folders\\Outdoorsy\\schemas.js": {"path":"E:\\GIT Working Folders\\Outdoorsy\\schemas.js","statementMap":{"0":{"start":{"line":1,"column":16},"end":{"line":1,"column":30}},"1":{"start":{"line":2,"column":21},"end":{"line":2,"column":45}},"2":{"start":{"line":4,"column":18},"end":{"line":23,"column":2}},"3":{"start":{"line":4,"column":28},"end":{"line":23,"column":1}},"4":{"start":{"line":13,"column":22},"end":{"line":16,"column":10}},"5":{"start":{"line":17,"column":8},"end":{"line":18,"column":63}},"6":{"start":{"line":18,"column":10},"end":{"line":18,"column":63}},"7":{"start":{"line":19,"column":8},"end":{"line":19,"column":21}},"8":{"start":{"line":25,"column":12},"end":{"line":25,"column":37}},"9":{"start":{"line":27,"column":0},"end":{"line":35,"column":3}},"10":{"start":{"line":37,"column":0},"end":{"line":42,"column":3}}},"fnMap":{"0":{"name":"(anonymous_0)","decl":{"start":{"line":4,"column":18},"end":{"line":4,"column":19}},"loc":{"start":{"line":4,"column":28},"end":{"line":23,"column":1}},"line":4},"1":{"name":"(anonymous_1)","decl":{"start":{"line":12,"column":6},"end":{"line":12,"column":7}},"loc":{"start":{"line":12,"column":31},"end":{"line":20,"column":7}},"line":12}},"branchMap":{"0":{"loc":{"start":{"line":17,"column":8},"end":{"line":18,"column":63}},"type":"if","locations":[{"start":{"line":17,"column":8},"end":{"line":18,"column":63}},{"start":{},"end":{}}],"line":17}},"s":{"0":1,"1":1,"2":1,"3":1,"4":0,"5":0,"6":0,"7":0,"8":1,"9":1,"10":1},"f":{"0":1,"1":0},"b":{"0":[0,0]},"_coverageSchema":"1a1c01bbd47fc00a2c39e90264f33305004495a9","hash":"de3f26696780a86820d74d2bf643a98c2f65e26b"}
,"E:\\GIT Working Folders\\Outdoorsy\\cloudinary\\index.js": {"path":"E:\\GIT Working Folders\\Outdoorsy\\cloudinary\\index.js","statementMap":{"0":{"start":{"line":1,"column":19},"end":{"line":1,"column":43}},"1":{"start":{"line":2,"column":30},"end":{"line":2,"column":66}},"2":{"start":{"line":4,"column":0},"end":{"line":8,"column":3}},"3":{"start":{"line":10,"column":16},"end":{"line":16,"column":2}},"4":{"start":{"line":18,"column":0},"end":{"line":21,"column":2}}},"fnMap":{},"branchMap":{},"s":{"0":1,"1":1,"2":1,"3":1,"4":1},"f":{},"b":{},"_coverageSchema":"1a1c01bbd47fc00a2c39e90264f33305004495a9","hash":"48328d89ca604630171bf1dcb9b0a044f518eee8"}
,"E:\\GIT Working Folders\\Outdoorsy\\config\\basePath.js": {"path":"E:\\GIT Working Folders\\Outdoorsy\\config\\basePath.js","statementMap":{"0":{"start":{"line":9,"column":17},"end":{"line":9,"column":54}},"1":{"start":{"line":21,"column":18},"end":{"line":34,"column":1}},"2":{"start":{"line":23,"column":20},"end":{"line":23,"column":63}},"3":{"start":{"line":26,"column":24},"end":{"line":26,"column":81}},"4":{"start":{"line":29,"column":2},"end":{"line":31,"column":3}},"5":{"start":{"line":30,"column":4},"end":{"line":30,"column":25}},"6":{"start":{"line":33,"column":2},"end":{"line":33,"column":41}},"7":{"start":{"line":45,"column":23},"end":{"line":47,"column":1}},"8":{"start":{"line":46,"column":2},"end":{"line":46,"column":47}},"9":{"start":{"line":57,"column":21},"end":{"line":60,"column":1}},"10":{"start":{"line":58,"column":24},"end":{"line":58,"column":79}},"11":{"start":{"line":59,"column":2},"end":{"line":59,"column":46}},"12":{"start":{"line":62,"column":0},"end":{"line":78,"column":2}},"13":{"start":{"line":75,"column":21},"end":{"line":75,"column":59}}},"fnMap":{"0":{"name":"(anonymous_0)","decl":{"start":{"line":21,"column":18},"end":{"line":21,"column":19}},"loc":{"start":{"line":21,"column":33},"end":{"line":34,"column":1}},"line":21},"1":{"name":"(anonymous_1)","decl":{"start":{"line":45,"column":23},"end":{"line":45,"column":24}},"loc":{"start":{"line":45,"column":48},"end":{"line":47,"column":1}},"line":45},"2":{"name":"(anonymous_2)","decl":{"start":{"line":57,"column":21},"end":{"line":57,"column":22}},"loc":{"start":{"line":57,"column":35},"end":{"line":60,"column":1}},"line":57},"3":{"name":"(anonymous_3)","decl":{"start":{"line":75,"column":13},"end":{"line":75,"column":14}},"loc":{"start":{"line":75,"column":21},"end":{"line":75,"column":59}},"line":75}},"branchMap":{"0":{"loc":{"start":{"line":9,"column":17},"end":{"line":9,"column":54}},"type":"binary-expr","locations":[{"start":{"line":9,"column":17},"end":{"line":9,"column":38}},{"start":{"line":9,"column":42},"end":{"line":9,"column":54}}],"line":9},"1":{"loc":{"start":{"line":21,"column":19},"end":{"line":21,"column":28}},"type":"default-arg","locations":[{"start":{"line":21,"column":26},"end":{"line":21,"column":28}}],"line":21},"2":{"loc":{"start":{"line":23,"column":20},"end":{"line":23,"column":63}},"type":"cond-expr","locations":[{"start":{"line":23,"column":43},"end":{"line":23,"column":56}},{"start":{"line":23,"column":59},"end":{"line":23,"column":63}}],"line":23},"3":{"loc":{"start":{"line":26,"column":24},"end":{"line":26,"column":81}},"type":"cond-expr","locations":[{"start":{"line":26,"column":49},"end":{"line":26,"column":70}},{"start":{"line":26,"column":73},"end":{"line":26,"column":81}}],"line":26},"4":{"loc":{"start":{"line":29,"column":2},"end":{"line":31,"column":3}},"type":"if","locations":[{"start":{"line":29,"column":2},"end":{"line":31,"column":3}},{"start":{},"end":{}}],"line":29},"5":{"loc":{"start":{"line":58,"column":24},"end":{"line":58,"column":79}},"type":"cond-expr","locations":[{"start":{"line":58,"column":51},"end":{"line":58,"column":68}},{"start":{"line":58,"column":71},"end":{"line":58,"column":79}}],"line":58},"6":{"loc":{"start":{"line":70,"column":10},"end":{"line":70,"column":25}},"type":"binary-expr","locations":[{"start":{"line":70,"column":10},"end":{"line":70,"column":18}},{"start":{"line":70,"column":22},"end":{"line":70,"column":25}}],"line":70}},"s":{"0":1,"1":1,"2":7,"3":7,"4":7,"5":0,"6":7,"7":1,"8":0,"9":1,"10":0,"11":0,"12":1,"13":0},"f":{"0":7,"1":0,"2":0,"3":0},"b":{"0":[1,1],"1":[0],"2":[0,7],"3":[0,7],"4":[0,7],"5":[0,0],"6":[1,0]},"_coverageSchema":"1a1c01bbd47fc00a2c39e90264f33305004495a9","hash":"dad5232188572ade45feb364faa5c15d0a280c77"}
,"E:\\GIT Working Folders\\Outdoorsy\\controllers\\campgrounds.js": {"path":"E:\\GIT Working Folders\\Outdoorsy\\controllers\\campgrounds.js","statementMap":{"0":{"start":{"line":1,"column":19},"end":{"line":1,"column":50}},"1":{"start":{"line":2,"column":21},"end":{"line":2,"column":69}},"2":{"start":{"line":3,"column":20},"end":{"line":3,"column":44}},"3":{"start":{"line":4,"column":17},"end":{"line":4,"column":59}},"4":{"start":{"line":5,"column":23},"end":{"line":5,"column":47}},"5":{"start":{"line":7,"column":0},"end":{"line":11,"column":2}},"6":{"start":{"line":9,"column":22},"end":{"line":9,"column":47}},"7":{"start":{"line":10,"column":2},"end":{"line":10,"column":51}},"8":{"start":{"line":13,"column":0},"end":{"line":15,"column":2}},"9":{"start":{"line":14,"column":2},"end":{"line":14,"column":32}},"10":{"start":{"line":17,"column":0},"end":{"line":39,"column":2}},"11":{"start":{"line":18,"column":2},"end":{"line":38,"column":3}},"12":{"start":{"line":19,"column":20},"end":{"line":24,"column":13}},"13":{"start":{"line":26,"column":23},"end":{"line":26,"column":58}},"14":{"start":{"line":27,"column":4},"end":{"line":27,"column":60}},"15":{"start":{"line":28,"column":4},"end":{"line":31,"column":8}},"16":{"start":{"line":28,"column":46},"end":{"line":31,"column":5}},"17":{"start":{"line":32,"column":4},"end":{"line":32,"column":37}},"18":{"start":{"line":33,"column":4},"end":{"line":33,"column":28}},"19":{"start":{"line":34,"column":4},"end":{"line":34,"column":64}},"20":{"start":{"line":35,"column":4},"end":{"line":35,"column":61}},"21":{"start":{"line":37,"column":4},"end":{"line":37,"column":14}},"22":{"start":{"line":40,"column":0},"end":{"line":55,"column":2}},"23":{"start":{"line":41,"column":21},"end":{"line":48,"column":23}},"24":{"start":{"line":50,"column":2},"end":{"line":53,"column":3}},"25":{"start":{"line":51,"column":4},"end":{"line":51,"column":55}},"26":{"start":{"line":52,"column":4},"end":{"line":52,"column":50}},"27":{"start":{"line":54,"column":2},"end":{"line":54,"column":49}},"28":{"start":{"line":57,"column":0},"end":{"line":65,"column":2}},"29":{"start":{"line":58,"column":17},"end":{"line":58,"column":27}},"30":{"start":{"line":59,"column":21},"end":{"line":59,"column":50}},"31":{"start":{"line":60,"column":2},"end":{"line":63,"column":3}},"32":{"start":{"line":61,"column":4},"end":{"line":61,"column":55}},"33":{"start":{"line":62,"column":4},"end":{"line":62,"column":50}},"34":{"start":{"line":64,"column":2},"end":{"line":64,"column":49}},"35":{"start":{"line":67,"column":0},"end":{"line":87,"column":2}},"36":{"start":{"line":68,"column":17},"end":{"line":68,"column":27}},"37":{"start":{"line":69,"column":21},"end":{"line":71,"column":4}},"38":{"start":{"line":72,"column":15},"end":{"line":72,"column":76}},"39":{"start":{"line":72,"column":37},"end":{"line":72,"column":74}},"40":{"start":{"line":73,"column":2},"end":{"line":73,"column":34}},"41":{"start":{"line":74,"column":2},"end":{"line":74,"column":26}},"42":{"start":{"line":76,"column":2},"end":{"line":83,"column":3}},"43":{"start":{"line":77,"column":4},"end":{"line":79,"column":5}},"44":{"start":{"line":78,"column":6},"end":{"line":78,"column":50}},"45":{"start":{"line":80,"column":4},"end":{"line":82,"column":7}},"46":{"start":{"line":85,"column":2},"end":{"line":85,"column":59}},"47":{"start":{"line":86,"column":2},"end":{"line":86,"column":59}},"48":{"start":{"line":89,"column":0},"end":{"line":94,"column":2}},"49":{"start":{"line":90,"column":17},"end":{"line":90,"column":27}},"50":{"start":{"line":91,"column":2},"end":{"line":91,"column":41}},"51":{"start":{"line":92,"column":2},"end":{"line":92,"column":58}},"52":{"start":{"line":93,"column":2},"end":{"line":93,"column":41}}},"fnMap":{"0":{"name":"(anonymous_0)","decl":{"start":{"line":7,"column":23},"end":{"line":7,"column":24}},"loc":{"start":{"line":7,"column":43},"end":{"line":11,"column":1}},"line":7},"1":{"name":"(anonymous_1)","decl":{"start":{"line":13,"column":31},"end":{"line":13,"column":32}},"loc":{"start":{"line":13,"column":45},"end":{"line":15,"column":1}},"line":13},"2":{"name":"(anonymous_2)","decl":{"start":{"line":17,"column":34},"end":{"line":17,"column":35}},"loc":{"start":{"line":17,"column":60},"end":{"line":39,"column":1}},"line":17},"3":{"name":"(anonymous_3)","decl":{"start":{"line":28,"column":38},"end":{"line":28,"column":39}},"loc":{"start":{"line":28,"column":46},"end":{"line":31,"column":5}},"line":28},"4":{"name":"(anonymous_4)","decl":{"start":{"line":40,"column":32},"end":{"line":40,"column":33}},"loc":{"start":{"line":40,"column":52},"end":{"line":55,"column":1}},"line":40},"5":{"name":"(anonymous_5)","decl":{"start":{"line":57,"column":32},"end":{"line":57,"column":33}},"loc":{"start":{"line":57,"column":52},"end":{"line":65,"column":1}},"line":57},"6":{"name":"(anonymous_6)","decl":{"start":{"line":67,"column":34},"end":{"line":67,"column":35}},"loc":{"start":{"line":67,"column":54},"end":{"line":87,"column":1}},"line":67},"7":{"name":"(anonymous_7)","decl":{"start":{"line":72,"column":29},"end":{"line":72,"column":30}},"loc":{"start":{"line":72,"column":37},"end":{"line":72,"column":74}},"line":72},"8":{"name":"(anonymous_8)","decl":{"start":{"line":89,"column":34},"end":{"line":89,"column":35}},"loc":{"start":{"line":89,"column":54},"end":{"line":94,"column":1}},"line":89}},"branchMap":{"0":{"loc":{"start":{"line":50,"column":2},"end":{"line":53,"column":3}},"type":"if","locations":[{"start":{"line":50,"column":2},"end":{"line":53,"column":3}},{"start":{},"end":{}}],"line":50},"1":{"loc":{"start":{"line":60,"column":2},"end":{"line":63,"column":3}},"type":"if","locations":[{"start":{"line":60,"column":2},"end":{"line":63,"column":3}},{"start":{},"end":{}}],"line":60},"2":{"loc":{"start":{"line":76,"column":2},"end":{"line":83,"column":3}},"type":"if","locations":[{"start":{"line":76,"column":2},"end":{"line":83,"column":3}},{"start":{},"end":{}}],"line":76}},"s":{"0":2,"1":2,"2":2,"3":2,"4":2,"5":2,"6":0,"7":0,"8":2,"9":0,"10":2,"11":2,"12":2,"13":1,"14":1,"15":1,"16":1,"17":1,"18":1,"19":1,"20":1,"21":1,"22":2,"23":0,"24":0,"25":0,"26":0,"27":0,"28":2,"29":0,"30":0,"31":0,"32":0,"33":0,"34":0,"35":2,"36":0,"37":0,"38":0,"39":0,"40":0,"41":0,"42":0,"43":0,"44":0,"45":0,"46":0,"47":0,"48":2,"49":0,"50":0,"51":0,"52":0},"f":{"0":0,"1":0,"2":2,"3":1,"4":0,"5":0,"6":0,"7":0,"8":0},"b":{"0":[0,0],"1":[0,0],"2":[0,0]},"_coverageSchema":"1a1c01bbd47fc00a2c39e90264f33305004495a9","hash":"791e922f046a9094f81a660b6ead6176686c70c9"}
,"E:\\GIT Working Folders\\Outdoorsy\\controllers\\reviews.js": {"path":"E:\\GIT Working Folders\\Outdoorsy\\controllers\\reviews.js","statementMap":{"0":{"start":{"line":1,"column":19},"end":{"line":1,"column":50}},"1":{"start":{"line":2,"column":15},"end":{"line":2,"column":42}},"2":{"start":{"line":4,"column":0},"end":{"line":13,"column":2}},"3":{"start":{"line":5,"column":21},"end":{"line":5,"column":61}},"4":{"start":{"line":6,"column":17},"end":{"line":6,"column":44}},"5":{"start":{"line":7,"column":2},"end":{"line":7,"column":31}},"6":{"start":{"line":8,"column":2},"end":{"line":8,"column":34}},"7":{"start":{"line":9,"column":2},"end":{"line":9,"column":22}},"8":{"start":{"line":10,"column":2},"end":{"line":10,"column":26}},"9":{"start":{"line":11,"column":2},"end":{"line":11,"column":46}},"10":{"start":{"line":12,"column":2},"end":{"line":12,"column":59}},"11":{"start":{"line":15,"column":0},"end":{"line":21,"column":2}},"12":{"start":{"line":16,"column":27},"end":{"line":16,"column":37}},"13":{"start":{"line":17,"column":2},"end":{"line":17,"column":75}},"14":{"start":{"line":18,"column":2},"end":{"line":18,"column":43}},"15":{"start":{"line":19,"column":2},"end":{"line":19,"column":54}},"16":{"start":{"line":20,"column":2},"end":{"line":20,"column":47}}},"fnMap":{"0":{"name":"(anonymous_0)","decl":{"start":{"line":4,"column":30},"end":{"line":4,"column":31}},"loc":{"start":{"line":4,"column":50},"end":{"line":13,"column":1}},"line":4},"1":{"name":"(anonymous_1)","decl":{"start":{"line":15,"column":30},"end":{"line":15,"column":31}},"loc":{"start":{"line":15,"column":50},"end":{"line":21,"column":1}},"line":15}},"branchMap":{},"s":{"0":0,"1":0,"2":0,"3":0,"4":0,"5":0,"6":0,"7":0,"8":0,"9":0,"10":0,"11":0,"12":0,"13":0,"14":0,"15":0,"16":0},"f":{"0":0,"1":0},"b":{}}
,"E:\\GIT Working Folders\\Outdoorsy\\controllers\\users.js": {"path":"E:\\GIT Working Folders\\Outdoorsy\\controllers\\users.js","statementMap":{"0":{"start":{"line":1,"column":13},"end":{"line":1,"column":38}},"1":{"start":{"line":3,"column":0},"end":{"line":5,"column":2}},"2":{"start":{"line":4,"column":2},"end":{"line":4,"column":31}},"3":{"start":{"line":7,"column":0},"end":{"line":22,"column":2}},"4":{"start":{"line":8,"column":2},"end":{"line":21,"column":3}},"5":{"start":{"line":9,"column":42},"end":{"line":9,"column":50}},"6":{"start":{"line":10,"column":17},"end":{"line":10,"column":46}},"7":{"start":{"line":11,"column":27},"end":{"line":11,"column":62}},"8":{"start":{"line":13,"column":4},"end":{"line":17,"column":7}},"9":{"start":{"line":14,"column":6},"end":{"line":14,"column":32}},"10":{"start":{"line":14,"column":15},"end":{"line":14,"column":32}},"11":{"start":{"line":15,"column":6},"end":{"line":15,"column":52}},"12":{"start":{"line":16,"column":6},"end":{"line":16,"column":45}},"13":{"start":{"line":19,"column":4},"end":{"line":19,"column":34}},"14":{"start":{"line":20,"column":4},"end":{"line":20,"column":40}},"15":{"start":{"line":24,"column":0},"end":{"line":26,"column":2}},"16":{"start":{"line":25,"column":2},"end":{"line":25,"column":28}},"17":{"start":{"line":28,"column":0},"end":{"line":34,"column":2}},"18":{"start":{"line":29,"column":2},"end":{"line":29,"column":40}},"19":{"start":{"line":31,"column":22},"end":{"line":31,"column":70}},"20":{"start":{"line":32,"column":2},"end":{"line":32,"column":30}},"21":{"start":{"line":33,"column":2},"end":{"line":33,"column":28}},"22":{"start":{"line":36,"column":0},"end":{"line":44,"column":2}},"23":{"start":{"line":37,"column":2},"end":{"line":43,"column":5}},"24":{"start":{"line":38,"column":4},"end":{"line":40,"column":5}},"25":{"start":{"line":39,"column":6},"end":{"line":39,"column":23}},"26":{"start":{"line":41,"column":4},"end":{"line":41,"column":37}},"27":{"start":{"line":42,"column":4},"end":{"line":42,"column":43}}},"fnMap":{"0":{"name":"(anonymous_0)","decl":{"start":{"line":3,"column":32},"end":{"line":3,"column":33}},"loc":{"start":{"line":3,"column":46},"end":{"line":5,"column":1}},"line":3},"1":{"name":"(anonymous_1)","decl":{"start":{"line":7,"column":26},"end":{"line":7,"column":27}},"loc":{"start":{"line":7,"column":52},"end":{"line":22,"column":1}},"line":7},"2":{"name":"(anonymous_2)","decl":{"start":{"line":13,"column":30},"end":{"line":13,"column":31}},"loc":{"start":{"line":13,"column":39},"end":{"line":17,"column":5}},"line":13},"3":{"name":"(anonymous_3)","decl":{"start":{"line":24,"column":29},"end":{"line":24,"column":30}},"loc":{"start":{"line":24,"column":43},"end":{"line":26,"column":1}},"line":24},"4":{"name":"(anonymous_4)","decl":{"start":{"line":28,"column":23},"end":{"line":28,"column":24}},"loc":{"start":{"line":28,"column":37},"end":{"line":34,"column":1}},"line":28},"5":{"name":"(anonymous_5)","decl":{"start":{"line":36,"column":24},"end":{"line":36,"column":25}},"loc":{"start":{"line":36,"column":44},"end":{"line":44,"column":1}},"line":36},"6":{"name":"(anonymous_6)","decl":{"start":{"line":37,"column":13},"end":{"line":37,"column":14}},"loc":{"start":{"line":37,"column":28},"end":{"line":43,"column":3}},"line":37}},"branchMap":{"0":{"loc":{"start":{"line":14,"column":6},"end":{"line":14,"column":32}},"type":"if","locations":[{"start":{"line":14,"column":6},"end":{"line":14,"column":32}},{"start":{},"end":{}}],"line":14},"1":{"loc":{"start":{"line":31,"column":22},"end":{"line":31,"column":70}},"type":"binary-expr","locations":[{"start":{"line":31,"column":22},"end":{"line":31,"column":42}},{"start":{"line":31,"column":46},"end":{"line":31,"column":70}}],"line":31},"2":{"loc":{"start":{"line":38,"column":4},"end":{"line":40,"column":5}},"type":"if","locations":[{"start":{"line":38,"column":4},"end":{"line":40,"column":5}},{"start":{},"end":{}}],"line":38}},"s":{"0":0,"1":0,"2":0,"3":0,"4":0,"5":0,"6":0,"7":0,"8":0,"9":0,"10":0,"11":0,"12":0,"13":0,"14":0,"15":0,"16":0,"17":0,"18":0,"19":0,"20":0,"21":0,"22":0,"23":0,"24":0,"25":0,"26":0,"27":0},"f":{"0":0,"1":0,"2":0,"3":0,"4":0,"5":0,"6":0},"b":{"0":[0,0],"1":[0,0],"2":[0,0]}}
,"E:\\GIT Working Folders\\Outdoorsy\\middleware\\errorHandler.js": {"path":"E:\\GIT Working Folders\\Outdoorsy\\middleware\\errorHandler.js","statementMap":{"0":{"start":{"line":1,"column":22},"end":{"line":1,"column":41}},"1":{"start":{"line":7,"column":21},"end":{"line":28,"column":1}},"2":{"start":{"line":9,"column":2},"end":{"line":12,"column":4}},"3":{"start":{"line":15,"column":2},"end":{"line":15,"column":27}},"4":{"start":{"line":19,"column":4},"end":{"line":19,"column":67}},"5":{"start":{"line":20,"column":2},"end":{"line":20,"column":21}},"6":{"start":{"line":23,"column":2},"end":{"line":27,"column":3}},"7":{"start":{"line":24,"column":4},"end":{"line":24,"column":47}},"8":{"start":{"line":26,"column":4},"end":{"line":26,"column":80}},"9":{"start":{"line":30,"column":0},"end":{"line":30,"column":30}}},"fnMap":{"0":{"name":"(anonymous_0)","decl":{"start":{"line":7,"column":21},"end":{"line":7,"column":22}},"loc":{"start":{"line":7,"column":46},"end":{"line":28,"column":1}},"line":7}},"branchMap":{"0":{"loc":{"start":{"line":19,"column":4},"end":{"line":19,"column":67}},"type":"cond-expr","locations":[{"start":{"line":19,"column":47},"end":{"line":19,"column":61}},{"start":{"line":19,"column":64},"end":{"line":19,"column":67}}],"line":19},"1":{"loc":{"start":{"line":19,"column":4},"end":{"line":19,"column":44}},"type":"binary-expr","locations":[{"start":{"line":19,"column":4},"end":{"line":19,"column":18}},{"start":{"line":19,"column":22},"end":{"line":19,"column":44}}],"line":19},"2":{"loc":{"start":{"line":23,"column":2},"end":{"line":27,"column":3}},"type":"if","locations":[{"start":{"line":23,"column":2},"end":{"line":27,"column":3}},{"start":{"line":25,"column":9},"end":{"line":27,"column":3}}],"line":23}},"s":{"0":0,"1":0,"2":0,"3":0,"4":0,"5":0,"6":0,"7":0,"8":0,"9":0},"f":{"0":0},"b":{"0":[0,0],"1":[0,0],"2":[0,0]}}
,"E:\\GIT Working Folders\\Outdoorsy\\middleware\\logger.js": {"path":"E:\\GIT Working Folders\\Outdoorsy\\middleware\\logger.js","statementMap":{"0":{"start":{"line":1,"column":19},"end":{"line":1,"column":38}},"1":{"start":{"line":2,"column":21},"end":{"line":2,"column":36}},"2":{"start":{"line":3,"column":11},"end":{"line":3,"column":24}},"3":{"start":{"line":4,"column":19},"end":{"line":4,"column":41}},"4":{"start":{"line":5,"column":13},"end":{"line":5,"column":28}},"5":{"start":{"line":13,"column":18},"end":{"line":29,"column":1}},"6":{"start":{"line":14,"column":19},"end":{"line":14,"column":59}},"7":{"start":{"line":15,"column":18},"end":{"line":15,"column":56}},"8":{"start":{"line":16,"column":18},"end":{"line":16,"column":52}},"9":{"start":{"line":17,"column":22},"end":{"line":17,"column":53}},"10":{"start":{"line":19,"column":2},"end":{"line":28,"column":3}},"11":{"start":{"line":21,"column":4},"end":{"line":23,"column":5}},"12":{"start":{"line":22,"column":6},"end":{"line":22,"column":59}},"13":{"start":{"line":25,"column":4},"end":{"line":25,"column":54}},"14":{"start":{"line":27,"column":4},"end":{"line":27,"column":57}},"15":{"start":{"line":35,"column":15},"end":{"line":42,"column":1}},"16":{"start":{"line":36,"column":2},"end":{"line":39,"column":4}},"17":{"start":{"line":40,"column":2},"end":{"line":40,"column":43}},"18":{"start":{"line":41,"column":2},"end":{"line":41,"column":9}},"19":{"start":{"line":44,"column":0},"end":{"line":44,"column":39}}},"fnMap":{"0":{"name":"(anonymous_0)","decl":{"start":{"line":13,"column":18},"end":{"line":13,"column":19}},"loc":{"start":{"line":13,"column":50},"end":{"line":29,"column":1}},"line":13},"1":{"name":"(anonymous_1)","decl":{"start":{"line":35,"column":15},"end":{"line":35,"column":16}},"loc":{"start":{"line":35,"column":35},"end":{"line":42,"column":1}},"line":35}},"branchMap":{"0":{"loc":{"start":{"line":21,"column":4},"end":{"line":23,"column":5}},"type":"if","locations":[{"start":{"line":21,"column":4},"end":{"line":23,"column":5}},{"start":{},"end":{}}],"line":21},"1":{"loc":{"start":{"line":37,"column":34},"end":{"line":37,"column":67}},"type":"binary-expr","locations":[{"start":{"line":37,"column":34},"end":{"line":37,"column":52}},{"start":{"line":37,"column":56},"end":{"line":37,"column":67}}],"line":37}},"s":{"0":0,"1":0,"2":0,"3":0,"4":0,"5":0,"6":0,"7":0,"8":0,"9":0,"10":0,"11":0,"12":0,"13":0,"14":0,"15":0,"16":0,"17":0,"18":0,"19":0},"f":{"0":0,"1":0},"b":{"0":[0,0],"1":[0,0]}}
,"E:\\GIT Working Folders\\Outdoorsy\\models\\campground.js": {"path":"E:\\GIT Working Folders\\Outdoorsy\\models\\campground.js","statementMap":{"0":{"start":{"line":1,"column":17},"end":{"line":1,"column":36}},"1":{"start":{"line":2,"column":15},"end":{"line":2,"column":34}},"2":{"start":{"line":3,"column":15},"end":{"line":3,"column":30}},"3":{"start":{"line":6,"column":20},"end":{"line":9,"column":2}},"4":{"start":{"line":11,"column":0},"end":{"line":14,"column":3}},"5":{"start":{"line":13,"column":2},"end":{"line":13,"column":74}},"6":{"start":{"line":17,"column":13},"end":{"line":17,"column":43}},"7":{"start":{"line":19,"column":25},"end":{"line":50,"column":1}},"8":{"start":{"line":53,"column":0},"end":{"line":57,"column":3}},"9":{"start":{"line":54,"column":2},"end":{"line":56,"column":52}},"10":{"start":{"line":60,"column":0},"end":{"line":66,"column":3}},"11":{"start":{"line":61,"column":2},"end":{"line":65,"column":3}},"12":{"start":{"line":62,"column":4},"end":{"line":64,"column":7}},"13":{"start":{"line":68,"column":0},"end":{"line":68,"column":64}}},"fnMap":{"0":{"name":"(anonymous_0)","decl":{"start":{"line":11,"column":37},"end":{"line":11,"column":38}},"loc":{"start":{"line":11,"column":49},"end":{"line":14,"column":1}},"line":11},"1":{"name":"(anonymous_1)","decl":{"start":{"line":53,"column":55},"end":{"line":53,"column":56}},"loc":{"start":{"line":53,"column":67},"end":{"line":57,"column":1}},"line":53},"2":{"name":"(anonymous_2)","decl":{"start":{"line":60,"column":42},"end":{"line":60,"column":43}},"loc":{"start":{"line":60,"column":63},"end":{"line":66,"column":1}},"line":60}},"branchMap":{"0":{"loc":{"start":{"line":61,"column":2},"end":{"line":65,"column":3}},"type":"if","locations":[{"start":{"line":61,"column":2},"end":{"line":65,"column":3}},{"start":{},"end":{}}],"line":61}},"s":{"0":3,"1":3,"2":3,"3":3,"4":3,"5":0,"6":3,"7":3,"8":3,"9":0,"10":3,"11":0,"12":0,"13":3},"f":{"0":0,"1":0,"2":0},"b":{"0":[0,0]},"_coverageSchema":"1a1c01bbd47fc00a2c39e90264f33305004495a9","hash":"c3dea35a02f4f0a15193322e7dc8edb4864a7a3a"}
,"E:\\GIT Working Folders\\Outdoorsy\\models\\review.js": {"path":"E:\\GIT Working Folders\\Outdoorsy\\models\\review.js","statementMap":{"0":{"start":{"line":1,"column":17},"end":{"line":1,"column":36}},"1":{"start":{"line":2,"column":15},"end":{"line":2,"column":30}},"2":{"start":{"line":4,"column":21},"end":{"line":26,"column":1}},"3":{"start":{"line":28,"column":0},"end":{"line":28,"column":56}}},"fnMap":{},"branchMap":{},"s":{"0":3,"1":3,"2":3,"3":3},"f":{},"b":{},"_coverageSchema":"1a1c01bbd47fc00a2c39e90264f33305004495a9","hash":"9df17df015aa71515a59fd3eb59957bf306fd740"}
,"E:\\GIT Working Folders\\Outdoorsy\\models\\user.js": {"path":"E:\\GIT Working Folders\\Outdoorsy\\models\\user.js","statementMap":{"0":{"start":{"line":1,"column":17},"end":{"line":1,"column":36}},"1":{"start":{"line":2,"column":15},"end":{"line":2,"column":30}},"2":{"start":{"line":3,"column":30},"end":{"line":3,"column":64}},"3":{"start":{"line":5,"column":19},"end":{"line":11,"column":2}},"4":{"start":{"line":14,"column":0},"end":{"line":14,"column":41}},"5":{"start":{"line":16,"column":0},"end":{"line":16,"column":52}}},"fnMap":{},"branchMap":{},"s":{"0":1,"1":1,"2":1,"3":1,"4":1,"5":1},"f":{},"b":{},"_coverageSchema":"1a1c01bbd47fc00a2c39e90264f33305004495a9","hash":"94c32e947432ccfbd476c167a536680d0d6acd4b"}
,"E:\\GIT Working Folders\\Outdoorsy\\routes\\campgrounds.js": {"path":"E:\\GIT Working Folders\\Outdoorsy\\routes\\campgrounds.js","statementMap":{"0":{"start":{"line":1,"column":16},"end":{"line":1,"column":34}},"1":{"start":{"line":2,"column":15},"end":{"line":2,"column":31}},"2":{"start":{"line":3,"column":20},"end":{"line":3,"column":57}},"3":{"start":{"line":4,"column":19},"end":{"line":4,"column":49}},"4":{"start":{"line":5,"column":53},"end":{"line":5,"column":77}},"5":{"start":{"line":6,"column":15},"end":{"line":6,"column":32}},"6":{"start":{"line":7,"column":20},"end":{"line":7,"column":44}},"7":{"start":{"line":8,"column":15},"end":{"line":8,"column":34}},"8":{"start":{"line":10,"column":0},"end":{"line":18,"column":4}},"9":{"start":{"line":20,"column":0},"end":{"line":20,"column":58}},"10":{"start":{"line":22,"column":0},"end":{"line":32,"column":74}},"11":{"start":{"line":34,"column":0},"end":{"line":39,"column":2}},"12":{"start":{"line":41,"column":0},"end":{"line":41,"column":24}}},"fnMap":{},"branchMap":{},"s":{"0":0,"1":0,"2":0,"3":0,"4":0,"5":0,"6":0,"7":0,"8":0,"9":0,"10":0,"11":0,"12":0},"f":{},"b":{}}
,"E:\\GIT Working Folders\\Outdoorsy\\routes\\campgrounds.test.js": {"path":"E:\\GIT Working Folders\\Outdoorsy\\routes\\campgrounds.test.js","statementMap":{"0":{"start":{"line":1,"column":16},"end":{"line":1,"column":36}},"1":{"start":{"line":2,"column":12},"end":{"line":2,"column":29}},"2":{"start":{"line":4,"column":0},"end":{"line":17,"column":3}},"3":{"start":{"line":5,"column":2},"end":{"line":9,"column":5}},"4":{"start":{"line":6,"column":16},"end":{"line":6,"column":64}},"5":{"start":{"line":7,"column":4},"end":{"line":7,"column":37}},"6":{"start":{"line":8,"column":4},"end":{"line":8,"column":56}},"7":{"start":{"line":11,"column":2},"end":{"line":16,"column":5}},"8":{"start":{"line":14,"column":16},"end":{"line":14,"column":68}},"9":{"start":{"line":15,"column":4},"end":{"line":15,"column":49}}},"fnMap":{"0":{"name":"(anonymous_0)","decl":{"start":{"line":4,"column":31},"end":{"line":4,"column":32}},"loc":{"start":{"line":4,"column":37},"end":{"line":17,"column":1}},"line":4},"1":{"name":"(anonymous_1)","decl":{"start":{"line":5,"column":62},"end":{"line":5,"column":63}},"loc":{"start":{"line":5,"column":74},"end":{"line":9,"column":3}},"line":5},"2":{"name":"(anonymous_2)","decl":{"start":{"line":11,"column":76},"end":{"line":11,"column":77}},"loc":{"start":{"line":11,"column":88},"end":{"line":16,"column":3}},"line":11}},"branchMap":{},"s":{"0":0,"1":0,"2":0,"3":0,"4":0,"5":0,"6":0,"7":0,"8":0,"9":0},"f":{"0":0,"1":0,"2":0},"b":{}}
,"E:\\GIT Working Folders\\Outdoorsy\\routes\\reviews.js": {"path":"E:\\GIT Working Folders\\Outdoorsy\\routes\\reviews.js","statementMap":{"0":{"start":{"line":1,"column":16},"end":{"line":1,"column":34}},"1":{"start":{"line":2,"column":15},"end":{"line":2,"column":52}},"2":{"start":{"line":3,"column":55},"end":{"line":3,"column":79}},"3":{"start":{"line":4,"column":16},"end":{"line":4,"column":49}},"4":{"start":{"line":5,"column":19},"end":{"line":5,"column":49}},"5":{"start":{"line":7,"column":0},"end":{"line":7,"column":44}},"6":{"start":{"line":8,"column":0},"end":{"line":8,"column":51}},"7":{"start":{"line":10,"column":0},"end":{"line":10,"column":79}},"8":{"start":{"line":12,"column":0},"end":{"line":17,"column":2}},"9":{"start":{"line":19,"column":0},"end":{"line":19,"column":24}}},"fnMap":{},"branchMap":{},"s":{"0":0,"1":0,"2":0,"3":0,"4":0,"5":0,"6":0,"7":0,"8":0,"9":0},"f":{},"b":{}}
,"E:\\GIT Working Folders\\Outdoorsy\\routes\\users.js": {"path":"E:\\GIT Working Folders\\Outdoorsy\\routes\\users.js","statementMap":{"0":{"start":{"line":1,"column":16},"end":{"line":1,"column":34}},"1":{"start":{"line":2,"column":15},"end":{"line":2,"column":31}},"2":{"start":{"line":3,"column":17},"end":{"line":3,"column":36}},"3":{"start":{"line":4,"column":19},"end":{"line":4,"column":49}},"4":{"start":{"line":5,"column":14},"end":{"line":5,"column":45}},"5":{"start":{"line":7,"column":0},"end":{"line":10,"column":36}},"6":{"start":{"line":12,"column":0},"end":{"line":21,"column":4}},"7":{"start":{"line":23,"column":0},"end":{"line":23,"column":36}},"8":{"start":{"line":25,"column":0},"end":{"line":25,"column":24}}},"fnMap":{},"branchMap":{},"s":{"0":0,"1":0,"2":0,"3":0,"4":0,"5":0,"6":0,"7":0,"8":0},"f":{},"b":{}}
,"E:\\GIT Working Folders\\Outdoorsy\\utils\\ExpressError.js": {"path":"E:\\GIT Working Folders\\Outdoorsy\\utils\\ExpressError.js","statementMap":{"0":{"start":{"line":8,"column":4},"end":{"line":8,"column":19}},"1":{"start":{"line":9,"column":4},"end":{"line":9,"column":33}},"2":{"start":{"line":10,"column":4},"end":{"line":10,"column":38}},"3":{"start":{"line":11,"column":4},"end":{"line":11,"column":52}},"4":{"start":{"line":15,"column":0},"end":{"line":15,"column":30}}},"fnMap":{"0":{"name":"(anonymous_0)","decl":{"start":{"line":7,"column":2},"end":{"line":7,"column":3}},"loc":{"start":{"line":7,"column":41},"end":{"line":12,"column":3}},"line":7}},"branchMap":{"0":{"loc":{"start":{"line":7,"column":23},"end":{"line":7,"column":39}},"type":"default-arg","locations":[{"start":{"line":7,"column":36},"end":{"line":7,"column":39}}],"line":7}},"s":{"0":0,"1":0,"2":0,"3":0,"4":1},"f":{"0":0},"b":{"0":[0]},"_coverageSchema":"1a1c01bbd47fc00a2c39e90264f33305004495a9","hash":"a26c0a74ac1d69f686a7f8c73c7a16a5402d0809"}
,"E:\\GIT Working Folders\\Outdoorsy\\utils\\catchAsync.js": {"path":"E:\\GIT Working Folders\\Outdoorsy\\utils\\catchAsync.js","statementMap":{"0":{"start":{"line":6,"column":0},"end":{"line":10,"column":2}},"1":{"start":{"line":7,"column":2},"end":{"line":9,"column":4}},"2":{"start":{"line":8,"column":4},"end":{"line":8,"column":35}}},"fnMap":{"0":{"name":"catchAsync","decl":{"start":{"line":6,"column":26},"end":{"line":6,"column":36}},"loc":{"start":{"line":6,"column":41},"end":{"line":10,"column":1}},"line":6},"1":{"name":"(anonymous_1)","decl":{"start":{"line":7,"column":9},"end":{"line":7,"column":10}},"loc":{"start":{"line":7,"column":35},"end":{"line":9,"column":3}},"line":7}},"branchMap":{},"s":{"0":0,"1":0,"2":0},"f":{"0":0,"1":0},"b":{}}
}
