{
  "E:\\GIT Working Folders\\Outdoorsy\\.eslintrc.js": {
    "path": "E:\\GIT Working Folders\\Outdoorsy\\.eslintrc.js",
    "statementMap": {
      "0": {
        "start": { "line": 1, "column": 0 },
        "end": { "line": 20, "column": 2 }
      }
    },
    "fnMap": {},
    "branchMap": {},
    "s": { "0": 0 },
    "f": {},
    "b": {}
  },
  "E:\\GIT Working Folders\\Outdoorsy\\app.js": {
    "path": "E:\\GIT Working Folders\\Outdoorsy\\app.js",
    "statementMap": {
      "0": {
        "start": { "line": 4, "column": 16 },
        "end": { "line": 4, "column": 34 }
      },
      "1": {
        "start": { "line": 5, "column": 13 },
        "end": { "line": 5, "column": 28 }
      },
      "2": {
        "start": { "line": 6, "column": 16 },
        "end": { "line": 6, "column": 42 }
      },
      "3": {
        "start": { "line": 7, "column": 14 },
        "end": { "line": 7, "column": 38 }
      },
      "4": {
        "start": { "line": 8, "column": 17 },
        "end": { "line": 8, "column": 36 }
      },
      "5": {
        "start": { "line": 9, "column": 25 },
        "end": { "line": 9, "column": 56 }
      },
      "6": {
        "start": { "line": 10, "column": 21 },
        "end": { "line": 10, "column": 48 }
      },
      "7": {
        "start": { "line": 11, "column": 19 },
        "end": { "line": 11, "column": 44 }
      },
      "8": {
        "start": { "line": 12, "column": 32 },
        "end": { "line": 12, "column": 60 }
      },
      "9": {
        "start": { "line": 13, "column": 23 },
        "end": { "line": 13, "column": 53 }
      },
      "10": {
        "start": { "line": 15, "column": 22 },
        "end": { "line": 15, "column": 49 }
      },
      "11": {
        "start": { "line": 16, "column": 26 },
        "end": { "line": 16, "column": 54 }
      },
      "12": {
        "start": { "line": 17, "column": 21 },
        "end": { "line": 17, "column": 49 }
      },
      "13": {
        "start": { "line": 18, "column": 21 },
        "end": { "line": 18, "column": 48 }
      },
      "14": {
        "start": { "line": 19, "column": 19 },
        "end": { "line": 19, "column": 49 }
      },
      "15": {
        "start": { "line": 21, "column": 12 },
        "end": { "line": 21, "column": 21 }
      },
      "16": {
        "start": { "line": 24, "column": 0 },
        "end": { "line": 24, "column": 16 }
      },
      "17": {
        "start": { "line": 27, "column": 0 },
        "end": { "line": 27, "column": 22 }
      },
      "18": {
        "start": { "line": 30, "column": 0 },
        "end": { "line": 30, "column": 24 }
      },
      "19": {
        "start": { "line": 33, "column": 0 },
        "end": { "line": 33, "column": 26 }
      },
      "20": {
        "start": { "line": 36, "column": 0 },
        "end": { "line": 36, "column": 30 }
      },
      "21": {
        "start": { "line": 37, "column": 0 },
        "end": { "line": 37, "column": 48 }
      },
      "22": {
        "start": { "line": 38, "column": 0 },
        "end": { "line": 38, "column": 41 }
      },
      "23": {
        "start": { "line": 41, "column": 0 },
        "end": { "line": 41, "column": 48 }
      },
      "24": {
        "start": { "line": 44, "column": 0 },
        "end": { "line": 44, "column": 66 }
      },
      "25": {
        "start": { "line": 47, "column": 0 },
        "end": { "line": 47, "column": 32 }
      },
      "26": {
        "start": { "line": 50, "column": 0 },
        "end": { "line": 50, "column": 17 }
      },
      "27": {
        "start": { "line": 53, "column": 0 },
        "end": { "line": 59, "column": 1 }
      },
      "28": {
        "start": { "line": 54, "column": 2 },
        "end": { "line": 58, "column": 5 }
      },
      "29": {
        "start": { "line": 55, "column": 4 },
        "end": { "line": 55, "column": 44 }
      },
      "30": {
        "start": { "line": 55, "column": 26 },
        "end": { "line": 55, "column": 43 }
      },
      "31": {
        "start": { "line": 56, "column": 4 },
        "end": { "line": 56, "column": 45 }
      },
      "32": {
        "start": { "line": 57, "column": 4 },
        "end": { "line": 57, "column": 11 }
      },
      "33": {
        "start": { "line": 62, "column": 0 },
        "end": { "line": 62, "column": 20 }
      },
      "34": {
        "start": { "line": 63, "column": 0 },
        "end": { "line": 63, "column": 31 }
      },
      "35": {
        "start": { "line": 64, "column": 0 },
        "end": { "line": 64, "column": 28 }
      },
      "36": {
        "start": { "line": 67, "column": 0 },
        "end": { "line": 74, "column": 3 }
      },
      "37": {
        "start": { "line": 68, "column": 2 },
        "end": { "line": 68, "column": 33 }
      },
      "38": {
        "start": { "line": 69, "column": 2 },
        "end": { "line": 69, "column": 35 }
      },
      "39": {
        "start": { "line": 70, "column": 2 },
        "end": { "line": 70, "column": 44 }
      },
      "40": {
        "start": { "line": 71, "column": 2 },
        "end": { "line": 71, "column": 44 }
      },
      "41": {
        "start": { "line": 72, "column": 2 },
        "end": { "line": 72, "column": 40 }
      },
      "42": {
        "start": { "line": 73, "column": 2 },
        "end": { "line": 73, "column": 9 }
      },
      "43": {
        "start": { "line": 77, "column": 0 },
        "end": { "line": 80, "column": 3 }
      },
      "44": {
        "start": { "line": 78, "column": 2 },
        "end": { "line": 78, "column": 36 }
      },
      "45": {
        "start": { "line": 79, "column": 2 },
        "end": { "line": 79, "column": 9 }
      },
      "46": {
        "start": { "line": 83, "column": 0 },
        "end": { "line": 83, "column": 52 }
      },
      "47": {
        "start": { "line": 84, "column": 0 },
        "end": { "line": 84, "column": 60 }
      },
      "48": {
        "start": { "line": 85, "column": 0 },
        "end": { "line": 85, "column": 30 }
      },
      "49": {
        "start": { "line": 88, "column": 0 },
        "end": { "line": 92, "column": 3 }
      },
      "50": {
        "start": { "line": 89, "column": 2 },
        "end": { "line": 89, "column": 32 }
      },
      "51": {
        "start": { "line": 90, "column": 2 },
        "end": { "line": 90, "column": 68 }
      },
      "52": {
        "start": { "line": 91, "column": 2 },
        "end": { "line": 91, "column": 21 }
      },
      "53": {
        "start": { "line": 95, "column": 0 },
        "end": { "line": 99, "column": 3 }
      },
      "54": {
        "start": { "line": 96, "column": 14 },
        "end": { "line": 96, "column": 41 }
      },
      "55": {
        "start": { "line": 97, "column": 2 },
        "end": { "line": 97, "column": 23 }
      },
      "56": {
        "start": { "line": 98, "column": 2 },
        "end": { "line": 98, "column": 12 }
      },
      "57": {
        "start": { "line": 104, "column": 0 },
        "end": { "line": 114, "column": 3 }
      },
      "58": {
        "start": { "line": 105, "column": 21 },
        "end": { "line": 105, "column": 42 }
      },
      "59": {
        "start": { "line": 106, "column": 2 },
        "end": { "line": 106, "column": 58 }
      },
      "60": {
        "start": { "line": 106, "column": 20 },
        "end": { "line": 106, "column": 58 }
      },
      "61": {
        "start": { "line": 107, "column": 16 },
        "end": { "line": 107, "column": 54 }
      },
      "62": {
        "start": { "line": 109, "column": 2 },
        "end": { "line": 113, "column": 5 }
      },
      "63": {
        "start": { "line": 117, "column": 0 },
        "end": { "line": 117, "column": 18 }
      },
      "64": {
        "start": { "line": 119, "column": 0 },
        "end": { "line": 119, "column": 21 }
      }
    },
    "fnMap": {
      "0": {
        "name": "(anonymous_0)",
        "decl": {
          "start": { "line": 54, "column": 10 },
          "end": { "line": 54, "column": 11 }
        },
        "loc": {
          "start": { "line": 54, "column": 30 },
          "end": { "line": 58, "column": 3 }
        },
        "line": 54
      },
      "1": {
        "name": "(anonymous_1)",
        "decl": {
          "start": { "line": 55, "column": 20 },
          "end": { "line": 55, "column": 21 }
        },
        "loc": {
          "start": { "line": 55, "column": 26 },
          "end": { "line": 55, "column": 43 }
        },
        "line": 55
      },
      "2": {
        "name": "(anonymous_2)",
        "decl": {
          "start": { "line": 67, "column": 8 },
          "end": { "line": 67, "column": 9 }
        },
        "loc": {
          "start": { "line": 67, "column": 28 },
          "end": { "line": 74, "column": 1 }
        },
        "line": 67
      },
      "3": {
        "name": "(anonymous_3)",
        "decl": {
          "start": { "line": 77, "column": 8 },
          "end": { "line": 77, "column": 9 }
        },
        "loc": {
          "start": { "line": 77, "column": 28 },
          "end": { "line": 80, "column": 1 }
        },
        "line": 77
      },
      "4": {
        "name": "(anonymous_4)",
        "decl": {
          "start": { "line": 88, "column": 18 },
          "end": { "line": 88, "column": 19 }
        },
        "loc": {
          "start": { "line": 88, "column": 32 },
          "end": { "line": 92, "column": 1 }
        },
        "line": 88
      },
      "5": {
        "name": "(anonymous_5)",
        "decl": {
          "start": { "line": 95, "column": 13 },
          "end": { "line": 95, "column": 14 }
        },
        "loc": {
          "start": { "line": 95, "column": 33 },
          "end": { "line": 99, "column": 1 }
        },
        "line": 95
      },
      "6": {
        "name": "(anonymous_6)",
        "decl": {
          "start": { "line": 104, "column": 8 },
          "end": { "line": 104, "column": 9 }
        },
        "loc": {
          "start": { "line": 104, "column": 33 },
          "end": { "line": 114, "column": 1 }
        },
        "line": 104
      }
    },
    "branchMap": {
      "0": {
        "loc": {
          "start": { "line": 53, "column": 0 },
          "end": { "line": 59, "column": 1 }
        },
        "type": "if",
        "locations": [
          {
            "start": { "line": 53, "column": 0 },
            "end": { "line": 59, "column": 1 }
          },
          { "start": {}, "end": {} }
        ],
        "line": 53
      },
      "1": {
        "loc": {
          "start": { "line": 70, "column": 27 },
          "end": { "line": 70, "column": 43 }
        },
        "type": "binary-expr",
        "locations": [
          {
            "start": { "line": 70, "column": 27 },
            "end": { "line": 70, "column": 35 }
          },
          {
            "start": { "line": 70, "column": 39 },
            "end": { "line": 70, "column": 43 }
          }
        ],
        "line": 70
      },
      "2": {
        "loc": {
          "start": { "line": 105, "column": 21 },
          "end": { "line": 105, "column": 42 }
        },
        "type": "binary-expr",
        "locations": [
          {
            "start": { "line": 105, "column": 21 },
            "end": { "line": 105, "column": 35 }
          },
          {
            "start": { "line": 105, "column": 39 },
            "end": { "line": 105, "column": 42 }
          }
        ],
        "line": 105
      },
      "3": {
        "loc": {
          "start": { "line": 106, "column": 2 },
          "end": { "line": 106, "column": 58 }
        },
        "type": "if",
        "locations": [
          {
            "start": { "line": 106, "column": 2 },
            "end": { "line": 106, "column": 58 }
          },
          { "start": {}, "end": {} }
        ],
        "line": 106
      },
      "4": {
        "loc": {
          "start": { "line": 112, "column": 16 },
          "end": { "line": 112, "column": 40 }
        },
        "type": "cond-expr",
        "locations": [
          {
            "start": { "line": 112, "column": 24 },
            "end": { "line": 112, "column": 33 }
          },
          {
            "start": { "line": 112, "column": 36 },
            "end": { "line": 112, "column": 40 }
          }
        ],
        "line": 112
      }
    },
    "s": {
      "0": 1,
      "1": 1,
      "2": 1,
      "3": 1,
      "4": 1,
      "5": 1,
      "6": 1,
      "7": 1,
      "8": 1,
      "9": 1,
      "10": 1,
      "11": 1,
      "12": 1,
      "13": 1,
      "14": 1,
      "15": 1,
      "16": 1,
      "17": 1,
      "18": 1,
      "19": 1,
      "20": 1,
      "21": 1,
      "22": 1,
      "23": 1,
      "24": 1,
      "25": 1,
      "26": 1,
      "27": 1,
      "28": 1,
      "29": 3,
      "30": 1,
      "31": 3,
      "32": 3,
      "33": 1,
      "34": 1,
      "35": 1,
      "36": 1,
      "37": 3,
      "38": 3,
      "39": 3,
      "40": 3,
      "41": 3,
      "42": 3,
      "43": 1,
      "44": 3,
      "45": 3,
      "46": 1,
      "47": 1,
      "48": 1,
      "49": 1,
      "50": 1,
      "51": 1,
      "52": 1,
      "53": 1,
      "54": 1,
      "55": 1,
      "56": 1,
      "57": 1,
      "58": 1,
      "59": 1,
      "60": 0,
      "61": 1,
      "62": 1,
      "63": 1,
      "64": 1
    },
    "f": { "0": 3, "1": 1, "2": 3, "3": 3, "4": 1, "5": 1, "6": 1 },
    "b": { "0": [1, 0], "1": [3, 3], "2": [1, 0], "3": [0, 1], "4": [0, 1] },
    "_coverageSchema": "1a1c01bbd47fc00a2c39e90264f33305004495a9",
    "hash": "cbfda00f8eadafee497dbc392793cfd357e05a51"
  },
  "E:\\GIT Working Folders\\Outdoorsy\\commitlint.config.js": {
    "path": "E:\\GIT Working Folders\\Outdoorsy\\commitlint.config.js",
    "statementMap": {
      "0": {
        "start": { "line": 1, "column": 0 },
        "end": { "line": 1, "column": 66 }
      }
    },
    "fnMap": {},
    "branchMap": {},
    "s": { "0": 0 },
    "f": {},
    "b": {}
  },
  "E:\\GIT Working Folders\\Outdoorsy\\middleware.js": {
    "path": "E:\\GIT Working Folders\\Outdoorsy\\middleware.js",
    "statementMap": {
      "0": {
        "start": { "line": 4, "column": 43 },
        "end": { "line": 4, "column": 66 }
      },
      "1": {
        "start": { "line": 5, "column": 21 },
        "end": { "line": 5, "column": 52 }
      },
      "2": {
        "start": { "line": 6, "column": 19 },
        "end": { "line": 6, "column": 49 }
      },
      "3": {
        "start": { "line": 7, "column": 15 },
        "end": { "line": 7, "column": 41 }
      },
      "4": {
        "start": { "line": 8, "column": 22 },
        "end": { "line": 8, "column": 50 }
      },
      "5": {
        "start": { "line": 16, "column": 0 },
        "end": { "line": 23, "column": 2 }
      },
      "6": {
        "start": { "line": 17, "column": 2 },
        "end": { "line": 21, "column": 3 }
      },
      "7": {
        "start": { "line": 18, "column": 4 },
        "end": { "line": 18, "column": 43 }
      },
      "8": {
        "start": { "line": 19, "column": 4 },
        "end": { "line": 19, "column": 55 }
      },
      "9": {
        "start": { "line": 20, "column": 4 },
        "end": { "line": 20, "column": 44 }
      },
      "10": {
        "start": { "line": 22, "column": 2 },
        "end": { "line": 22, "column": 9 }
      },
      "11": {
        "start": { "line": 29, "column": 0 },
        "end": { "line": 38, "column": 2 }
      },
      "12": {
        "start": { "line": 30, "column": 20 },
        "end": { "line": 30, "column": 55 }
      },
      "13": {
        "start": { "line": 31, "column": 2 },
        "end": { "line": 36, "column": 3 }
      },
      "14": {
        "start": { "line": 32, "column": 16 },
        "end": { "line": 32, "column": 85 }
      },
      "15": {
        "start": { "line": 32, "column": 62 },
        "end": { "line": 32, "column": 71 }
      },
      "16": {
        "start": { "line": 34, "column": 4 },
        "end": { "line": 34, "column": 23 }
      },
      "17": {
        "start": { "line": 35, "column": 4 },
        "end": { "line": 35, "column": 37 }
      },
      "18": {
        "start": { "line": 37, "column": 2 },
        "end": { "line": 37, "column": 9 }
      },
      "19": {
        "start": { "line": 45, "column": 0 },
        "end": { "line": 61, "column": 2 }
      },
      "20": {
        "start": { "line": 46, "column": 2 },
        "end": { "line": 60, "column": 3 }
      },
      "21": {
        "start": { "line": 47, "column": 19 },
        "end": { "line": 47, "column": 29 }
      },
      "22": {
        "start": { "line": 48, "column": 23 },
        "end": { "line": 48, "column": 52 }
      },
      "23": {
        "start": { "line": 49, "column": 4 },
        "end": { "line": 52, "column": 5 }
      },
      "24": {
        "start": { "line": 50, "column": 6 },
        "end": { "line": 50, "column": 49 }
      },
      "25": {
        "start": { "line": 51, "column": 6 },
        "end": { "line": 51, "column": 52 }
      },
      "26": {
        "start": { "line": 53, "column": 4 },
        "end": { "line": 56, "column": 5 }
      },
      "27": {
        "start": { "line": 54, "column": 6 },
        "end": { "line": 54, "column": 67 }
      },
      "28": {
        "start": { "line": 55, "column": 6 },
        "end": { "line": 55, "column": 58 }
      },
      "29": {
        "start": { "line": 57, "column": 4 },
        "end": { "line": 57, "column": 11 }
      },
      "30": {
        "start": { "line": 59, "column": 4 },
        "end": { "line": 59, "column": 14 }
      },
      "31": {
        "start": { "line": 68, "column": 0 },
        "end": { "line": 84, "column": 2 }
      },
      "32": {
        "start": { "line": 69, "column": 2 },
        "end": { "line": 83, "column": 3 }
      },
      "33": {
        "start": { "line": 70, "column": 29 },
        "end": { "line": 70, "column": 39 }
      },
      "34": {
        "start": { "line": 71, "column": 19 },
        "end": { "line": 71, "column": 50 }
      },
      "35": {
        "start": { "line": 72, "column": 4 },
        "end": { "line": 75, "column": 5 }
      },
      "36": {
        "start": { "line": 73, "column": 6 },
        "end": { "line": 73, "column": 45 }
      },
      "37": {
        "start": { "line": 74, "column": 6 },
        "end": { "line": 74, "column": 58 }
      },
      "38": {
        "start": { "line": 76, "column": 4 },
        "end": { "line": 79, "column": 5 }
      },
      "39": {
        "start": { "line": 77, "column": 6 },
        "end": { "line": 77, "column": 67 }
      },
      "40": {
        "start": { "line": 78, "column": 6 },
        "end": { "line": 78, "column": 58 }
      },
      "41": {
        "start": { "line": 80, "column": 4 },
        "end": { "line": 80, "column": 11 }
      },
      "42": {
        "start": { "line": 82, "column": 4 },
        "end": { "line": 82, "column": 14 }
      },
      "43": {
        "start": { "line": 90, "column": 0 },
        "end": { "line": 97, "column": 2 }
      },
      "44": {
        "start": { "line": 91, "column": 20 },
        "end": { "line": 91, "column": 51 }
      },
      "45": {
        "start": { "line": 92, "column": 2 },
        "end": { "line": 95, "column": 3 }
      },
      "46": {
        "start": { "line": 93, "column": 16 },
        "end": { "line": 93, "column": 64 }
      },
      "47": {
        "start": { "line": 93, "column": 42 },
        "end": { "line": 93, "column": 52 }
      },
      "48": {
        "start": { "line": 94, "column": 4 },
        "end": { "line": 94, "column": 37 }
      },
      "49": {
        "start": { "line": 96, "column": 2 },
        "end": { "line": 96, "column": 9 }
      },
      "50": {
        "start": { "line": 103, "column": 0 },
        "end": { "line": 108, "column": 2 }
      },
      "51": {
        "start": { "line": 104, "column": 2 },
        "end": { "line": 106, "column": 3 }
      },
      "52": {
        "start": { "line": 105, "column": 4 },
        "end": { "line": 105, "column": 47 }
      },
      "53": {
        "start": { "line": 107, "column": 2 },
        "end": { "line": 107, "column": 9 }
      }
    },
    "fnMap": {
      "0": {
        "name": "(anonymous_0)",
        "decl": {
          "start": { "line": 16, "column": 28 },
          "end": { "line": 16, "column": 29 }
        },
        "loc": {
          "start": { "line": 16, "column": 48 },
          "end": { "line": 23, "column": 1 }
        },
        "line": 16
      },
      "1": {
        "name": "(anonymous_1)",
        "decl": {
          "start": { "line": 29, "column": 36 },
          "end": { "line": 29, "column": 37 }
        },
        "loc": {
          "start": { "line": 29, "column": 56 },
          "end": { "line": 38, "column": 1 }
        },
        "line": 29
      },
      "2": {
        "name": "(anonymous_2)",
        "decl": {
          "start": { "line": 32, "column": 55 },
          "end": { "line": 32, "column": 56 }
        },
        "loc": {
          "start": { "line": 32, "column": 62 },
          "end": { "line": 32, "column": 71 }
        },
        "line": 32
      },
      "3": {
        "name": "(anonymous_3)",
        "decl": {
          "start": { "line": 45, "column": 26 },
          "end": { "line": 45, "column": 27 }
        },
        "loc": {
          "start": { "line": 45, "column": 52 },
          "end": { "line": 61, "column": 1 }
        },
        "line": 45
      },
      "4": {
        "name": "(anonymous_4)",
        "decl": {
          "start": { "line": 68, "column": 32 },
          "end": { "line": 68, "column": 33 }
        },
        "loc": {
          "start": { "line": 68, "column": 58 },
          "end": { "line": 84, "column": 1 }
        },
        "line": 68
      },
      "5": {
        "name": "(anonymous_5)",
        "decl": {
          "start": { "line": 90, "column": 32 },
          "end": { "line": 90, "column": 33 }
        },
        "loc": {
          "start": { "line": 90, "column": 52 },
          "end": { "line": 97, "column": 1 }
        },
        "line": 90
      },
      "6": {
        "name": "(anonymous_6)",
        "decl": {
          "start": { "line": 93, "column": 34 },
          "end": { "line": 93, "column": 35 }
        },
        "loc": {
          "start": { "line": 93, "column": 42 },
          "end": { "line": 93, "column": 52 }
        },
        "line": 93
      },
      "7": {
        "name": "(anonymous_7)",
        "decl": {
          "start": { "line": 103, "column": 31 },
          "end": { "line": 103, "column": 32 }
        },
        "loc": {
          "start": { "line": 103, "column": 51 },
          "end": { "line": 108, "column": 1 }
        },
        "line": 103
      }
    },
    "branchMap": {
      "0": {
        "loc": {
          "start": { "line": 17, "column": 2 },
          "end": { "line": 21, "column": 3 }
        },
        "type": "if",
        "locations": [
          {
            "start": { "line": 17, "column": 2 },
            "end": { "line": 21, "column": 3 }
          },
          { "start": {}, "end": {} }
        ],
        "line": 17
      },
      "1": {
        "loc": {
          "start": { "line": 31, "column": 2 },
          "end": { "line": 36, "column": 3 }
        },
        "type": "if",
        "locations": [
          {
            "start": { "line": 31, "column": 2 },
            "end": { "line": 36, "column": 3 }
          },
          { "start": {}, "end": {} }
        ],
        "line": 31
      },
      "2": {
        "loc": {
          "start": { "line": 49, "column": 4 },
          "end": { "line": 52, "column": 5 }
        },
        "type": "if",
        "locations": [
          {
            "start": { "line": 49, "column": 4 },
            "end": { "line": 52, "column": 5 }
          },
          { "start": {}, "end": {} }
        ],
        "line": 49
      },
      "3": {
        "loc": {
          "start": { "line": 53, "column": 4 },
          "end": { "line": 56, "column": 5 }
        },
        "type": "if",
        "locations": [
          {
            "start": { "line": 53, "column": 4 },
            "end": { "line": 56, "column": 5 }
          },
          { "start": {}, "end": {} }
        ],
        "line": 53
      },
      "4": {
        "loc": {
          "start": { "line": 72, "column": 4 },
          "end": { "line": 75, "column": 5 }
        },
        "type": "if",
        "locations": [
          {
            "start": { "line": 72, "column": 4 },
            "end": { "line": 75, "column": 5 }
          },
          { "start": {}, "end": {} }
        ],
        "line": 72
      },
      "5": {
        "loc": {
          "start": { "line": 76, "column": 4 },
          "end": { "line": 79, "column": 5 }
        },
        "type": "if",
        "locations": [
          {
            "start": { "line": 76, "column": 4 },
            "end": { "line": 79, "column": 5 }
          },
          { "start": {}, "end": {} }
        ],
        "line": 76
      },
      "6": {
        "loc": {
          "start": { "line": 92, "column": 2 },
          "end": { "line": 95, "column": 3 }
        },
        "type": "if",
        "locations": [
          {
            "start": { "line": 92, "column": 2 },
            "end": { "line": 95, "column": 3 }
          },
          { "start": {}, "end": {} }
        ],
        "line": 92
      },
      "7": {
        "loc": {
          "start": { "line": 104, "column": 2 },
          "end": { "line": 106, "column": 3 }
        },
        "type": "if",
        "locations": [
          {
            "start": { "line": 104, "column": 2 },
            "end": { "line": 106, "column": 3 }
          },
          { "start": {}, "end": {} }
        ],
        "line": 104
      }
    },
    "s": {
      "0": 2,
      "1": 2,
      "2": 2,
      "3": 2,
      "4": 2,
      "5": 2,
      "6": 2,
      "7": 1,
      "8": 1,
      "9": 1,
      "10": 1,
      "11": 2,
      "12": 2,
      "13": 2,
      "14": 1,
      "15": 1,
      "16": 1,
      "17": 1,
      "18": 1,
      "19": 2,
      "20": 4,
      "21": 4,
      "22": 4,
      "23": 3,
      "24": 1,
      "25": 1,
      "26": 2,
      "27": 1,
      "28": 1,
      "29": 1,
      "30": 1,
      "31": 2,
      "32": 4,
      "33": 4,
      "34": 4,
      "35": 3,
      "36": 1,
      "37": 1,
      "38": 2,
      "39": 1,
      "40": 1,
      "41": 1,
      "42": 1,
      "43": 2,
      "44": 2,
      "45": 2,
      "46": 1,
      "47": 1,
      "48": 1,
      "49": 1,
      "50": 2,
      "51": 2,
      "52": 1,
      "53": 2
    },
    "f": { "0": 2, "1": 2, "2": 1, "3": 4, "4": 4, "5": 2, "6": 1, "7": 2 },
    "b": {
      "0": [1, 1],
      "1": [1, 1],
      "2": [1, 2],
      "3": [1, 1],
      "4": [1, 2],
      "5": [1, 1],
      "6": [1, 1],
      "7": [1, 1]
    },
    "_coverageSchema": "1a1c01bbd47fc00a2c39e90264f33305004495a9",
    "hash": "2cbe26fb212ee2618d31349f4b361dae2eb7beba"
  },
  "E:\\GIT Working Folders\\Outdoorsy\\schemas.js": {
    "path": "E:\\GIT Working Folders\\Outdoorsy\\schemas.js",
    "statementMap": {
      "0": {
        "start": { "line": 4, "column": 16 },
        "end": { "line": 4, "column": 30 }
      },
      "1": {
        "start": { "line": 5, "column": 21 },
        "end": { "line": 5, "column": 45 }
      },
      "2": {
        "start": { "line": 12, "column": 18 },
        "end": { "line": 33, "column": 2 }
      },
      "3": {
        "start": { "line": 12, "column": 28 },
        "end": { "line": 33, "column": 1 }
      },
      "4": {
        "start": { "line": 22, "column": 22 },
        "end": { "line": 25, "column": 10 }
      },
      "5": {
        "start": { "line": 27, "column": 8 },
        "end": { "line": 28, "column": 63 }
      },
      "6": {
        "start": { "line": 28, "column": 10 },
        "end": { "line": 28, "column": 63 }
      },
      "7": {
        "start": { "line": 29, "column": 8 },
        "end": { "line": 29, "column": 21 }
      },
      "8": {
        "start": { "line": 36, "column": 12 },
        "end": { "line": 36, "column": 37 }
      },
      "9": {
        "start": { "line": 44, "column": 0 },
        "end": { "line": 52, "column": 3 }
      },
      "10": {
        "start": { "line": 60, "column": 0 },
        "end": { "line": 65, "column": 3 }
      }
    },
    "fnMap": {
      "0": {
        "name": "(anonymous_0)",
        "decl": {
          "start": { "line": 12, "column": 18 },
          "end": { "line": 12, "column": 19 }
        },
        "loc": {
          "start": { "line": 12, "column": 28 },
          "end": { "line": 33, "column": 1 }
        },
        "line": 12
      },
      "1": {
        "name": "(anonymous_1)",
        "decl": {
          "start": { "line": 20, "column": 6 },
          "end": { "line": 20, "column": 7 }
        },
        "loc": {
          "start": { "line": 20, "column": 31 },
          "end": { "line": 30, "column": 7 }
        },
        "line": 20
      }
    },
    "branchMap": {
      "0": {
        "loc": {
          "start": { "line": 27, "column": 8 },
          "end": { "line": 28, "column": 63 }
        },
        "type": "if",
        "locations": [
          {
            "start": { "line": 27, "column": 8 },
            "end": { "line": 28, "column": 63 }
          },
          { "start": {}, "end": {} }
        ],
        "line": 27
      }
    },
    "s": {
      "0": 3,
      "1": 3,
      "2": 3,
      "3": 3,
      "4": 9,
      "5": 9,
      "6": 0,
      "7": 9,
      "8": 3,
      "9": 3,
      "10": 3
    },
    "f": { "0": 3, "1": 9 },
    "b": { "0": [0, 9] },
    "_coverageSchema": "1a1c01bbd47fc00a2c39e90264f33305004495a9",
    "hash": "df0d6746e56d2f9fb3b851e4a50103958c382036"
  },
  "E:\\GIT Working Folders\\Outdoorsy\\server.js": {
    "path": "E:\\GIT Working Folders\\Outdoorsy\\server.js",
    "statementMap": {
      "0": {
        "start": { "line": 5, "column": 0 },
        "end": { "line": 5, "column": 27 }
      },
      "1": {
        "start": { "line": 7, "column": 17 },
        "end": { "line": 7, "column": 36 }
      },
      "2": {
        "start": { "line": 8, "column": 12 },
        "end": { "line": 8, "column": 28 }
      },
      "3": {
        "start": { "line": 11, "column": 14 },
        "end": { "line": 11, "column": 73 }
      },
      "4": {
        "start": { "line": 14, "column": 0 },
        "end": { "line": 17, "column": 3 }
      },
      "5": {
        "start": { "line": 19, "column": 11 },
        "end": { "line": 19, "column": 30 }
      },
      "6": {
        "start": { "line": 23, "column": 0 },
        "end": { "line": 23, "column": 73 }
      },
      "7": {
        "start": { "line": 26, "column": 0 },
        "end": { "line": 38, "column": 3 }
      },
      "8": {
        "start": { "line": 28, "column": 2 },
        "end": { "line": 28, "column": 35 }
      },
      "9": {
        "start": { "line": 31, "column": 15 },
        "end": { "line": 31, "column": 39 }
      },
      "10": {
        "start": { "line": 34, "column": 2 },
        "end": { "line": 37, "column": 5 }
      },
      "11": {
        "start": { "line": 36, "column": 4 },
        "end": { "line": 36, "column": 43 }
      }
    },
    "fnMap": {
      "0": {
        "name": "(anonymous_0)",
        "decl": {
          "start": { "line": 26, "column": 16 },
          "end": { "line": 26, "column": 17 }
        },
        "loc": {
          "start": { "line": 26, "column": 22 },
          "end": { "line": 38, "column": 1 }
        },
        "line": 26
      },
      "1": {
        "name": "(anonymous_1)",
        "decl": {
          "start": { "line": 34, "column": 19 },
          "end": { "line": 34, "column": 20 }
        },
        "loc": {
          "start": { "line": 34, "column": 25 },
          "end": { "line": 37, "column": 3 }
        },
        "line": 34
      }
    },
    "branchMap": {
      "0": {
        "loc": {
          "start": { "line": 11, "column": 14 },
          "end": { "line": 11, "column": 73 }
        },
        "type": "binary-expr",
        "locations": [
          {
            "start": { "line": 11, "column": 14 },
            "end": { "line": 11, "column": 32 }
          },
          {
            "start": { "line": 11, "column": 36 },
            "end": { "line": 11, "column": 73 }
          }
        ],
        "line": 11
      },
      "1": {
        "loc": {
          "start": { "line": 31, "column": 15 },
          "end": { "line": 31, "column": 39 }
        },
        "type": "binary-expr",
        "locations": [
          {
            "start": { "line": 31, "column": 15 },
            "end": { "line": 31, "column": 31 }
          },
          {
            "start": { "line": 31, "column": 35 },
            "end": { "line": 31, "column": 39 }
          }
        ],
        "line": 31
      }
    },
    "s": {
      "0": 0,
      "1": 0,
      "2": 0,
      "3": 0,
      "4": 0,
      "5": 0,
      "6": 0,
      "7": 0,
      "8": 0,
      "9": 0,
      "10": 0,
      "11": 0
    },
    "f": { "0": 0, "1": 0 },
    "b": { "0": [0, 0], "1": [0, 0] }
  },
  "E:\\GIT Working Folders\\Outdoorsy\\cloudinary\\index.js": {
    "path": "E:\\GIT Working Folders\\Outdoorsy\\cloudinary\\index.js",
    "statementMap": {
      "0": {
        "start": { "line": 1, "column": 19 },
        "end": { "line": 1, "column": 43 }
      },
      "1": {
        "start": { "line": 2, "column": 30 },
        "end": { "line": 2, "column": 66 }
      },
      "2": {
        "start": { "line": 4, "column": 0 },
        "end": { "line": 8, "column": 3 }
      },
      "3": {
        "start": { "line": 10, "column": 16 },
        "end": { "line": 16, "column": 2 }
      },
      "4": {
        "start": { "line": 18, "column": 0 },
        "end": { "line": 21, "column": 2 }
      }
    },
    "fnMap": {},
    "branchMap": {},
    "s": { "0": 3, "1": 3, "2": 3, "3": 3, "4": 3 },
    "f": {},
    "b": {},
    "_coverageSchema": "1a1c01bbd47fc00a2c39e90264f33305004495a9",
    "hash": "48328d89ca604630171bf1dcb9b0a044f518eee8"
  },
  "E:\\GIT Working Folders\\Outdoorsy\\config\\basePath.js": {
    "path": "E:\\GIT Working Folders\\Outdoorsy\\config\\basePath.js",
    "statementMap": {
      "0": {
        "start": { "line": 11, "column": 17 },
        "end": { "line": 11, "column": 54 }
      },
      "1": {
        "start": { "line": 23, "column": 18 },
        "end": { "line": 38, "column": 1 }
      },
      "2": {
        "start": { "line": 25, "column": 20 },
        "end": { "line": 25, "column": 63 }
      },
      "3": {
        "start": { "line": 28, "column": 24 },
        "end": { "line": 30, "column": 14 }
      },
      "4": {
        "start": { "line": 33, "column": 2 },
        "end": { "line": 35, "column": 3 }
      },
      "5": {
        "start": { "line": 34, "column": 4 },
        "end": { "line": 34, "column": 25 }
      },
      "6": {
        "start": { "line": 37, "column": 2 },
        "end": { "line": 37, "column": 41 }
      },
      "7": {
        "start": { "line": 49, "column": 23 },
        "end": { "line": 51, "column": 1 }
      },
      "8": {
        "start": { "line": 50, "column": 2 },
        "end": { "line": 50, "column": 47 }
      },
      "9": {
        "start": { "line": 61, "column": 21 },
        "end": { "line": 64, "column": 1 }
      },
      "10": {
        "start": { "line": 62, "column": 24 },
        "end": { "line": 62, "column": 79 }
      },
      "11": {
        "start": { "line": 63, "column": 2 },
        "end": { "line": 63, "column": 46 }
      },
      "12": {
        "start": { "line": 66, "column": 0 },
        "end": { "line": 82, "column": 2 }
      },
      "13": {
        "start": { "line": 79, "column": 21 },
        "end": { "line": 79, "column": 59 }
      }
    },
    "fnMap": {
      "0": {
        "name": "(anonymous_0)",
        "decl": {
          "start": { "line": 23, "column": 18 },
          "end": { "line": 23, "column": 19 }
        },
        "loc": {
          "start": { "line": 23, "column": 33 },
          "end": { "line": 38, "column": 1 }
        },
        "line": 23
      },
      "1": {
        "name": "(anonymous_1)",
        "decl": {
          "start": { "line": 49, "column": 23 },
          "end": { "line": 49, "column": 24 }
        },
        "loc": {
          "start": { "line": 49, "column": 48 },
          "end": { "line": 51, "column": 1 }
        },
        "line": 49
      },
      "2": {
        "name": "(anonymous_2)",
        "decl": {
          "start": { "line": 61, "column": 21 },
          "end": { "line": 61, "column": 22 }
        },
        "loc": {
          "start": { "line": 61, "column": 35 },
          "end": { "line": 64, "column": 1 }
        },
        "line": 61
      },
      "3": {
        "name": "(anonymous_3)",
        "decl": {
          "start": { "line": 79, "column": 13 },
          "end": { "line": 79, "column": 14 }
        },
        "loc": {
          "start": { "line": 79, "column": 21 },
          "end": { "line": 79, "column": 59 }
        },
        "line": 79
      }
    },
    "branchMap": {
      "0": {
        "loc": {
          "start": { "line": 11, "column": 17 },
          "end": { "line": 11, "column": 54 }
        },
        "type": "binary-expr",
        "locations": [
          {
            "start": { "line": 11, "column": 17 },
            "end": { "line": 11, "column": 38 }
          },
          {
            "start": { "line": 11, "column": 42 },
            "end": { "line": 11, "column": 54 }
          }
        ],
        "line": 11
      },
      "1": {
        "loc": {
          "start": { "line": 23, "column": 19 },
          "end": { "line": 23, "column": 28 }
        },
        "type": "default-arg",
        "locations": [
          {
            "start": { "line": 23, "column": 26 },
            "end": { "line": 23, "column": 28 }
          }
        ],
        "line": 23
      },
      "2": {
        "loc": {
          "start": { "line": 25, "column": 20 },
          "end": { "line": 25, "column": 63 }
        },
        "type": "cond-expr",
        "locations": [
          {
            "start": { "line": 25, "column": 43 },
            "end": { "line": 25, "column": 56 }
          },
          {
            "start": { "line": 25, "column": 59 },
            "end": { "line": 25, "column": 63 }
          }
        ],
        "line": 25
      },
      "3": {
        "loc": {
          "start": { "line": 28, "column": 24 },
          "end": { "line": 30, "column": 14 }
        },
        "type": "cond-expr",
        "locations": [
          {
            "start": { "line": 29, "column": 6 },
            "end": { "line": 29, "column": 27 }
          },
          {
            "start": { "line": 30, "column": 6 },
            "end": { "line": 30, "column": 14 }
          }
        ],
        "line": 28
      },
      "4": {
        "loc": {
          "start": { "line": 33, "column": 2 },
          "end": { "line": 35, "column": 3 }
        },
        "type": "if",
        "locations": [
          {
            "start": { "line": 33, "column": 2 },
            "end": { "line": 35, "column": 3 }
          },
          { "start": {}, "end": {} }
        ],
        "line": 33
      },
      "5": {
        "loc": {
          "start": { "line": 62, "column": 24 },
          "end": { "line": 62, "column": 79 }
        },
        "type": "cond-expr",
        "locations": [
          {
            "start": { "line": 62, "column": 51 },
            "end": { "line": 62, "column": 68 }
          },
          {
            "start": { "line": 62, "column": 71 },
            "end": { "line": 62, "column": 79 }
          }
        ],
        "line": 62
      },
      "6": {
        "loc": {
          "start": { "line": 74, "column": 10 },
          "end": { "line": 74, "column": 25 }
        },
        "type": "binary-expr",
        "locations": [
          {
            "start": { "line": 74, "column": 10 },
            "end": { "line": 74, "column": 18 }
          },
          {
            "start": { "line": 74, "column": 22 },
            "end": { "line": 74, "column": 25 }
          }
        ],
        "line": 74
      }
    },
    "s": {
      "0": 3,
      "1": 3,
      "2": 20,
      "3": 20,
      "4": 20,
      "5": 0,
      "6": 20,
      "7": 3,
      "8": 0,
      "9": 3,
      "10": 0,
      "11": 0,
      "12": 3,
      "13": 0
    },
    "f": { "0": 20, "1": 0, "2": 0, "3": 0 },
    "b": {
      "0": [3, 3],
      "1": [0],
      "2": [0, 20],
      "3": [0, 20],
      "4": [0, 20],
      "5": [0, 0],
      "6": [3, 0]
    },
    "_coverageSchema": "1a1c01bbd47fc00a2c39e90264f33305004495a9",
    "hash": "bb55cdc1a9b28c5165d4ad787a88286f548a1020"
  },
  "E:\\GIT Working Folders\\Outdoorsy\\config\\database.js": {
    "path": "E:\\GIT Working Folders\\Outdoorsy\\config\\database.js",
    "statementMap": {
      "0": {
        "start": { "line": 4, "column": 17 },
        "end": { "line": 4, "column": 36 }
      },
      "1": {
        "start": { "line": 13, "column": 18 },
        "end": { "line": 38, "column": 1 }
      },
      "2": {
        "start": { "line": 14, "column": 2 },
        "end": { "line": 37, "column": 3 }
      },
      "3": {
        "start": { "line": 15, "column": 18 },
        "end": { "line": 15, "column": 77 }
      },
      "4": {
        "start": { "line": 18, "column": 4 },
        "end": { "line": 21, "column": 7 }
      },
      "5": {
        "start": { "line": 25, "column": 4 },
        "end": { "line": 25, "column": 37 }
      },
      "6": {
        "start": { "line": 28, "column": 4 },
        "end": { "line": 31, "column": 7 }
      },
      "7": {
        "start": { "line": 30, "column": 6 },
        "end": { "line": 30, "column": 54 }
      },
      "8": {
        "start": { "line": 35, "column": 4 },
        "end": { "line": 35, "column": 52 }
      },
      "9": {
        "start": { "line": 36, "column": 4 },
        "end": { "line": 36, "column": 20 }
      },
      "10": {
        "start": { "line": 40, "column": 0 },
        "end": { "line": 40, "column": 27 }
      }
    },
    "fnMap": {
      "0": {
        "name": "(anonymous_0)",
        "decl": {
          "start": { "line": 13, "column": 18 },
          "end": { "line": 13, "column": 19 }
        },
        "loc": {
          "start": { "line": 13, "column": 30 },
          "end": { "line": 38, "column": 1 }
        },
        "line": 13
      },
      "1": {
        "name": "(anonymous_1)",
        "decl": {
          "start": { "line": 28, "column": 36 },
          "end": { "line": 28, "column": 37 }
        },
        "loc": {
          "start": { "line": 28, "column": 45 },
          "end": { "line": 31, "column": 5 }
        },
        "line": 28
      }
    },
    "branchMap": {
      "0": {
        "loc": {
          "start": { "line": 15, "column": 18 },
          "end": { "line": 15, "column": 77 }
        },
        "type": "binary-expr",
        "locations": [
          {
            "start": { "line": 15, "column": 18 },
            "end": { "line": 15, "column": 36 }
          },
          {
            "start": { "line": 15, "column": 40 },
            "end": { "line": 15, "column": 77 }
          }
        ],
        "line": 15
      }
    },
    "s": {
      "0": 0,
      "1": 0,
      "2": 0,
      "3": 0,
      "4": 0,
      "5": 0,
      "6": 0,
      "7": 0,
      "8": 0,
      "9": 0,
      "10": 0
    },
    "f": { "0": 0, "1": 0 },
    "b": { "0": [0, 0] }
  },
  "E:\\GIT Working Folders\\Outdoorsy\\config\\passport.js": {
    "path": "E:\\GIT Working Folders\\Outdoorsy\\config\\passport.js",
    "statementMap": {
      "0": {
        "start": { "line": 4, "column": 17 },
        "end": { "line": 4, "column": 36 }
      },
      "1": {
        "start": { "line": 5, "column": 22 },
        "end": { "line": 5, "column": 47 }
      },
      "2": {
        "start": { "line": 6, "column": 13 },
        "end": { "line": 6, "column": 38 }
      },
      "3": {
        "start": { "line": 14, "column": 26 },
        "end": { "line": 27, "column": 1 }
      },
      "4": {
        "start": { "line": 15, "column": 2 },
        "end": { "line": 20, "column": 4 }
      },
      "5": {
        "start": { "line": 23, "column": 2 },
        "end": { "line": 23, "column": 47 }
      },
      "6": {
        "start": { "line": 26, "column": 2 },
        "end": { "line": 26, "column": 51 }
      },
      "7": {
        "start": { "line": 29, "column": 0 },
        "end": { "line": 29, "column": 35 }
      }
    },
    "fnMap": {
      "0": {
        "name": "(anonymous_0)",
        "decl": {
          "start": { "line": 14, "column": 26 },
          "end": { "line": 14, "column": 27 }
        },
        "loc": {
          "start": { "line": 14, "column": 32 },
          "end": { "line": 27, "column": 1 }
        },
        "line": 14
      }
    },
    "branchMap": {},
    "s": { "0": 1, "1": 1, "2": 1, "3": 1, "4": 1, "5": 1, "6": 1, "7": 1 },
    "f": { "0": 1 },
    "b": {},
    "_coverageSchema": "1a1c01bbd47fc00a2c39e90264f33305004495a9",
    "hash": "043ad9ad5f359fc6967a204fb78d0d18e6f6e3fc"
  },
  "E:\\GIT Working Folders\\Outdoorsy\\config\\security.js": {
    "path": "E:\\GIT Working Folders\\Outdoorsy\\config\\security.js",
    "statementMap": {
      "0": {
        "start": { "line": 4, "column": 15 },
        "end": { "line": 4, "column": 32 }
      },
      "1": {
        "start": { "line": 12, "column": 21 },
        "end": { "line": 69, "column": 2 }
      },
      "2": {
        "start": { "line": 71, "column": 0 },
        "end": { "line": 71, "column": 30 }
      }
    },
    "fnMap": {},
    "branchMap": {},
    "s": { "0": 1, "1": 1, "2": 1 },
    "f": {},
    "b": {},
    "_coverageSchema": "1a1c01bbd47fc00a2c39e90264f33305004495a9",
    "hash": "3f9e7ce3e772f83bc4136d6e76799bca08f6ede5"
  },
  "E:\\GIT Working Folders\\Outdoorsy\\config\\session.js": {
    "path": "E:\\GIT Working Folders\\Outdoorsy\\config\\session.js",
    "statementMap": {
      "0": {
        "start": { "line": 11, "column": 22 },
        "end": { "line": 37, "column": 1 }
      },
      "1": {
        "start": { "line": 39, "column": 0 },
        "end": { "line": 39, "column": 31 }
      }
    },
    "fnMap": {},
    "branchMap": {
      "0": {
        "loc": {
          "start": { "line": 13, "column": 10 },
          "end": { "line": 13, "column": 67 }
        },
        "type": "binary-expr",
        "locations": [
          {
            "start": { "line": 13, "column": 10 },
            "end": { "line": 13, "column": 36 }
          },
          {
            "start": { "line": 13, "column": 40 },
            "end": { "line": 13, "column": 67 }
          }
        ],
        "line": 13
      },
      "1": {
        "loc": {
          "start": { "line": 32, "column": 10 },
          "end": { "line": 32, "column": 47 }
        },
        "type": "binary-expr",
        "locations": [
          {
            "start": { "line": 32, "column": 10 },
            "end": { "line": 32, "column": 31 }
          },
          {
            "start": { "line": 32, "column": 35 },
            "end": { "line": 32, "column": 47 }
          }
        ],
        "line": 32
      }
    },
    "s": { "0": 1, "1": 1 },
    "f": {},
    "b": { "0": [1, 0], "1": [1, 1] },
    "_coverageSchema": "1a1c01bbd47fc00a2c39e90264f33305004495a9",
    "hash": "2feebec29983df9001412d8d87b1f71eed05d950"
  },
  "E:\\GIT Working Folders\\Outdoorsy\\config\\swagger.js": {
    "path": "E:\\GIT Working Folders\\Outdoorsy\\config\\swagger.js",
    "statementMap": {
      "0": {
        "start": { "line": 4, "column": 18 },
        "end": { "line": 4, "column": 47 }
      },
      "1": {
        "start": { "line": 5, "column": 21 },
        "end": { "line": 5, "column": 45 }
      },
      "2": {
        "start": { "line": 13, "column": 16 },
        "end": { "line": 28, "column": 1 }
      },
      "3": {
        "start": { "line": 31, "column": 14 },
        "end": { "line": 31, "column": 35 }
      },
      "4": {
        "start": { "line": 38, "column": 21 },
        "end": { "line": 44, "column": 1 }
      },
      "5": {
        "start": { "line": 39, "column": 2 },
        "end": { "line": 43, "column": 4 }
      },
      "6": {
        "start": { "line": 46, "column": 0 },
        "end": { "line": 46, "column": 30 }
      }
    },
    "fnMap": {
      "0": {
        "name": "(anonymous_0)",
        "decl": {
          "start": { "line": 38, "column": 21 },
          "end": { "line": 38, "column": 22 }
        },
        "loc": {
          "start": { "line": 38, "column": 30 },
          "end": { "line": 44, "column": 1 }
        },
        "line": 38
      }
    },
    "branchMap": {
      "0": {
        "loc": {
          "start": { "line": 23, "column": 13 },
          "end": { "line": 23, "column": 50 }
        },
        "type": "binary-expr",
        "locations": [
          {
            "start": { "line": 23, "column": 13 },
            "end": { "line": 23, "column": 34 }
          },
          {
            "start": { "line": 23, "column": 38 },
            "end": { "line": 23, "column": 50 }
          }
        ],
        "line": 23
      },
      "1": {
        "loc": {
          "start": { "line": 40, "column": 5 },
          "end": { "line": 40, "column": 42 }
        },
        "type": "binary-expr",
        "locations": [
          {
            "start": { "line": 40, "column": 5 },
            "end": { "line": 40, "column": 26 }
          },
          {
            "start": { "line": 40, "column": 30 },
            "end": { "line": 40, "column": 42 }
          }
        ],
        "line": 40
      }
    },
    "s": { "0": 1, "1": 1, "2": 1, "3": 1, "4": 1, "5": 1, "6": 1 },
    "f": { "0": 1 },
    "b": { "0": [1, 1], "1": [1, 1] },
    "_coverageSchema": "1a1c01bbd47fc00a2c39e90264f33305004495a9",
    "hash": "7e3de50cb8c5f441b2667b7f01413e1ccc6e07cd"
  },
  "E:\\GIT Working Folders\\Outdoorsy\\controllers\\campgrounds.js": {
    "path": "E:\\GIT Working Folders\\Outdoorsy\\controllers\\campgrounds.js",
    "statementMap": {
      "0": {
        "start": { "line": 6, "column": 19 },
        "end": { "line": 6, "column": 50 }
      },
      "1": {
        "start": { "line": 7, "column": 23 },
        "end": { "line": 7, "column": 47 }
      },
      "2": {
        "start": { "line": 8, "column": 21 },
        "end": { "line": 8, "column": 69 }
      },
      "3": {
        "start": { "line": 9, "column": 21 },
        "end": { "line": 9, "column": 50 }
      },
      "4": {
        "start": { "line": 10, "column": 20 },
        "end": { "line": 10, "column": 44 }
      },
      "5": {
        "start": { "line": 11, "column": 17 },
        "end": { "line": 11, "column": 59 }
      },
      "6": {
        "start": { "line": 13, "column": 22 },
        "end": { "line": 13, "column": 62 }
      },
      "7": {
        "start": { "line": 14, "column": 17 },
        "end": { "line": 14, "column": 52 }
      },
      "8": {
        "start": { "line": 19, "column": 0 },
        "end": { "line": 26, "column": 2 }
      },
      "9": {
        "start": { "line": 20, "column": 2 },
        "end": { "line": 25, "column": 3 }
      },
      "10": {
        "start": { "line": 21, "column": 24 },
        "end": { "line": 21, "column": 49 }
      },
      "11": {
        "start": { "line": 22, "column": 4 },
        "end": { "line": 22, "column": 53 }
      },
      "12": {
        "start": { "line": 24, "column": 4 },
        "end": { "line": 24, "column": 14 }
      },
      "13": {
        "start": { "line": 31, "column": 0 },
        "end": { "line": 33, "column": 2 }
      },
      "14": {
        "start": { "line": 32, "column": 2 },
        "end": { "line": 32, "column": 32 }
      },
      "15": {
        "start": { "line": 41, "column": 0 },
        "end": { "line": 79, "column": 2 }
      },
      "16": {
        "start": { "line": 42, "column": 2 },
        "end": { "line": 78, "column": 3 }
      },
      "17": {
        "start": { "line": 44, "column": 20 },
        "end": { "line": 49, "column": 13 }
      },
      "18": {
        "start": { "line": 52, "column": 4 },
        "end": { "line": 54, "column": 5 }
      },
      "19": {
        "start": { "line": 53, "column": 6 },
        "end": { "line": 53, "column": 59 }
      },
      "20": {
        "start": { "line": 57, "column": 23 },
        "end": { "line": 57, "column": 58 }
      },
      "21": {
        "start": { "line": 60, "column": 4 },
        "end": { "line": 60, "column": 60 }
      },
      "22": {
        "start": { "line": 63, "column": 4 },
        "end": { "line": 66, "column": 8 }
      },
      "23": {
        "start": { "line": 63, "column": 46 },
        "end": { "line": 66, "column": 5 }
      },
      "24": {
        "start": { "line": 69, "column": 4 },
        "end": { "line": 69, "column": 37 }
      },
      "25": {
        "start": { "line": 72, "column": 4 },
        "end": { "line": 72, "column": 28 }
      },
      "26": {
        "start": { "line": 74, "column": 4 },
        "end": { "line": 74, "column": 67 }
      },
      "27": {
        "start": { "line": 75, "column": 4 },
        "end": { "line": 75, "column": 62 }
      },
      "28": {
        "start": { "line": 77, "column": 4 },
        "end": { "line": 77, "column": 14 }
      },
      "29": {
        "start": { "line": 86, "column": 0 },
        "end": { "line": 110, "column": 2 }
      },
      "30": {
        "start": { "line": 87, "column": 2 },
        "end": { "line": 109, "column": 3 }
      },
      "31": {
        "start": { "line": 88, "column": 23 },
        "end": { "line": 93, "column": 25 }
      },
      "32": {
        "start": { "line": 96, "column": 4 },
        "end": { "line": 98, "column": 5 }
      },
      "33": {
        "start": { "line": 97, "column": 6 },
        "end": { "line": 97, "column": 54 }
      },
      "34": {
        "start": { "line": 101, "column": 4 },
        "end": { "line": 101, "column": 61 }
      },
      "35": {
        "start": { "line": 102, "column": 4 },
        "end": { "line": 104, "column": 51 }
      },
      "36": {
        "start": { "line": 106, "column": 4 },
        "end": { "line": 106, "column": 51 }
      },
      "37": {
        "start": { "line": 108, "column": 4 },
        "end": { "line": 108, "column": 14 }
      },
      "38": {
        "start": { "line": 117, "column": 0 },
        "end": { "line": 132, "column": 2 }
      },
      "39": {
        "start": { "line": 118, "column": 2 },
        "end": { "line": 131, "column": 3 }
      },
      "40": {
        "start": { "line": 119, "column": 19 },
        "end": { "line": 119, "column": 29 }
      },
      "41": {
        "start": { "line": 120, "column": 23 },
        "end": { "line": 120, "column": 52 }
      },
      "42": {
        "start": { "line": 122, "column": 4 },
        "end": { "line": 124, "column": 5 }
      },
      "43": {
        "start": { "line": 123, "column": 6 },
        "end": { "line": 123, "column": 54 }
      },
      "44": {
        "start": { "line": 126, "column": 4 },
        "end": { "line": 126, "column": 66 }
      },
      "45": {
        "start": { "line": 128, "column": 4 },
        "end": { "line": 128, "column": 51 }
      },
      "46": {
        "start": { "line": 130, "column": 4 },
        "end": { "line": 130, "column": 14 }
      },
      "47": {
        "start": { "line": 140, "column": 0 },
        "end": { "line": 173, "column": 2 }
      },
      "48": {
        "start": { "line": 141, "column": 2 },
        "end": { "line": 172, "column": 3 }
      },
      "49": {
        "start": { "line": 142, "column": 19 },
        "end": { "line": 142, "column": 29 }
      },
      "50": {
        "start": { "line": 145, "column": 23 },
        "end": { "line": 147, "column": 6 }
      },
      "51": {
        "start": { "line": 149, "column": 4 },
        "end": { "line": 151, "column": 5 }
      },
      "52": {
        "start": { "line": 150, "column": 6 },
        "end": { "line": 150, "column": 54 }
      },
      "53": {
        "start": { "line": 154, "column": 17 },
        "end": { "line": 154, "column": 78 }
      },
      "54": {
        "start": { "line": 154, "column": 39 },
        "end": { "line": 154, "column": 76 }
      },
      "55": {
        "start": { "line": 155, "column": 4 },
        "end": { "line": 155, "column": 36 }
      },
      "56": {
        "start": { "line": 156, "column": 4 },
        "end": { "line": 156, "column": 28 }
      },
      "57": {
        "start": { "line": 159, "column": 4 },
        "end": { "line": 166, "column": 5 }
      },
      "58": {
        "start": { "line": 160, "column": 6 },
        "end": { "line": 162, "column": 7 }
      },
      "59": {
        "start": { "line": 161, "column": 8 },
        "end": { "line": 161, "column": 52 }
      },
      "60": {
        "start": { "line": 163, "column": 6 },
        "end": { "line": 165, "column": 9 }
      },
      "61": {
        "start": { "line": 168, "column": 4 },
        "end": { "line": 168, "column": 61 }
      },
      "62": {
        "start": { "line": 169, "column": 4 },
        "end": { "line": 169, "column": 62 }
      },
      "63": {
        "start": { "line": 171, "column": 4 },
        "end": { "line": 171, "column": 14 }
      },
      "64": {
        "start": { "line": 179, "column": 0 },
        "end": { "line": 193, "column": 2 }
      },
      "65": {
        "start": { "line": 180, "column": 2 },
        "end": { "line": 192, "column": 3 }
      },
      "66": {
        "start": { "line": 181, "column": 19 },
        "end": { "line": 181, "column": 29 }
      },
      "67": {
        "start": { "line": 182, "column": 23 },
        "end": { "line": 182, "column": 61 }
      },
      "68": {
        "start": { "line": 184, "column": 4 },
        "end": { "line": 186, "column": 5 }
      },
      "69": {
        "start": { "line": 185, "column": 6 },
        "end": { "line": 185, "column": 54 }
      },
      "70": {
        "start": { "line": 188, "column": 4 },
        "end": { "line": 188, "column": 60 }
      },
      "71": {
        "start": { "line": 189, "column": 4 },
        "end": { "line": 189, "column": 44 }
      },
      "72": {
        "start": { "line": 191, "column": 4 },
        "end": { "line": 191, "column": 14 }
      }
    },
    "fnMap": {
      "0": {
        "name": "(anonymous_0)",
        "decl": {
          "start": { "line": 19, "column": 23 },
          "end": { "line": 19, "column": 24 }
        },
        "loc": {
          "start": { "line": 19, "column": 49 },
          "end": { "line": 26, "column": 1 }
        },
        "line": 19
      },
      "1": {
        "name": "(anonymous_1)",
        "decl": {
          "start": { "line": 31, "column": 31 },
          "end": { "line": 31, "column": 32 }
        },
        "loc": {
          "start": { "line": 31, "column": 45 },
          "end": { "line": 33, "column": 1 }
        },
        "line": 31
      },
      "2": {
        "name": "(anonymous_2)",
        "decl": {
          "start": { "line": 41, "column": 34 },
          "end": { "line": 41, "column": 35 }
        },
        "loc": {
          "start": { "line": 41, "column": 60 },
          "end": { "line": 79, "column": 1 }
        },
        "line": 41
      },
      "3": {
        "name": "(anonymous_3)",
        "decl": {
          "start": { "line": 63, "column": 38 },
          "end": { "line": 63, "column": 39 }
        },
        "loc": {
          "start": { "line": 63, "column": 46 },
          "end": { "line": 66, "column": 5 }
        },
        "line": 63
      },
      "4": {
        "name": "(anonymous_4)",
        "decl": {
          "start": { "line": 86, "column": 32 },
          "end": { "line": 86, "column": 33 }
        },
        "loc": {
          "start": { "line": 86, "column": 58 },
          "end": { "line": 110, "column": 1 }
        },
        "line": 86
      },
      "5": {
        "name": "(anonymous_5)",
        "decl": {
          "start": { "line": 117, "column": 32 },
          "end": { "line": 117, "column": 33 }
        },
        "loc": {
          "start": { "line": 117, "column": 58 },
          "end": { "line": 132, "column": 1 }
        },
        "line": 117
      },
      "6": {
        "name": "(anonymous_6)",
        "decl": {
          "start": { "line": 140, "column": 34 },
          "end": { "line": 140, "column": 35 }
        },
        "loc": {
          "start": { "line": 140, "column": 60 },
          "end": { "line": 173, "column": 1 }
        },
        "line": 140
      },
      "7": {
        "name": "(anonymous_7)",
        "decl": {
          "start": { "line": 154, "column": 31 },
          "end": { "line": 154, "column": 32 }
        },
        "loc": {
          "start": { "line": 154, "column": 39 },
          "end": { "line": 154, "column": 76 }
        },
        "line": 154
      },
      "8": {
        "name": "(anonymous_8)",
        "decl": {
          "start": { "line": 179, "column": 34 },
          "end": { "line": 179, "column": 35 }
        },
        "loc": {
          "start": { "line": 179, "column": 60 },
          "end": { "line": 193, "column": 1 }
        },
        "line": 179
      }
    },
    "branchMap": {
      "0": {
        "loc": {
          "start": { "line": 52, "column": 4 },
          "end": { "line": 54, "column": 5 }
        },
        "type": "if",
        "locations": [
          {
            "start": { "line": 52, "column": 4 },
            "end": { "line": 54, "column": 5 }
          },
          { "start": {}, "end": {} }
        ],
        "line": 52
      },
      "1": {
        "loc": {
          "start": { "line": 96, "column": 4 },
          "end": { "line": 98, "column": 5 }
        },
        "type": "if",
        "locations": [
          {
            "start": { "line": 96, "column": 4 },
            "end": { "line": 98, "column": 5 }
          },
          { "start": {}, "end": {} }
        ],
        "line": 96
      },
      "2": {
        "loc": {
          "start": { "line": 102, "column": 33 },
          "end": { "line": 104, "column": 50 }
        },
        "type": "cond-expr",
        "locations": [
          {
            "start": { "line": 103, "column": 8 },
            "end": { "line": 103, "column": 48 }
          },
          {
            "start": { "line": 104, "column": 8 },
            "end": { "line": 104, "column": 50 }
          }
        ],
        "line": 102
      },
      "3": {
        "loc": {
          "start": { "line": 122, "column": 4 },
          "end": { "line": 124, "column": 5 }
        },
        "type": "if",
        "locations": [
          {
            "start": { "line": 122, "column": 4 },
            "end": { "line": 124, "column": 5 }
          },
          { "start": {}, "end": {} }
        ],
        "line": 122
      },
      "4": {
        "loc": {
          "start": { "line": 149, "column": 4 },
          "end": { "line": 151, "column": 5 }
        },
        "type": "if",
        "locations": [
          {
            "start": { "line": 149, "column": 4 },
            "end": { "line": 151, "column": 5 }
          },
          { "start": {}, "end": {} }
        ],
        "line": 149
      },
      "5": {
        "loc": {
          "start": { "line": 159, "column": 4 },
          "end": { "line": 166, "column": 5 }
        },
        "type": "if",
        "locations": [
          {
            "start": { "line": 159, "column": 4 },
            "end": { "line": 166, "column": 5 }
          },
          { "start": {}, "end": {} }
        ],
        "line": 159
      },
      "6": {
        "loc": {
          "start": { "line": 184, "column": 4 },
          "end": { "line": 186, "column": 5 }
        },
        "type": "if",
        "locations": [
          {
            "start": { "line": 184, "column": 4 },
            "end": { "line": 186, "column": 5 }
          },
          { "start": {}, "end": {} }
        ],
        "line": 184
      }
    },
    "s": {
      "0": 3,
      "1": 3,
      "2": 3,
      "3": 3,
      "4": 3,
      "5": 3,
      "6": 3,
      "7": 3,
      "8": 3,
      "9": 1,
      "10": 1,
      "11": 1,
      "12": 0,
      "13": 3,
      "14": 0,
      "15": 3,
      "16": 2,
      "17": 2,
      "18": 1,
      "19": 0,
      "20": 1,
      "21": 1,
      "22": 1,
      "23": 1,
      "24": 1,
      "25": 1,
      "26": 1,
      "27": 1,
      "28": 1,
      "29": 3,
      "30": 2,
      "31": 2,
      "32": 2,
      "33": 1,
      "34": 1,
      "35": 1,
      "36": 1,
      "37": 1,
      "38": 3,
      "39": 0,
      "40": 0,
      "41": 0,
      "42": 0,
      "43": 0,
      "44": 0,
      "45": 0,
      "46": 0,
      "47": 3,
      "48": 1,
      "49": 1,
      "50": 1,
      "51": 1,
      "52": 0,
      "53": 1,
      "54": 1,
      "55": 1,
      "56": 1,
      "57": 1,
      "58": 0,
      "59": 0,
      "60": 0,
      "61": 1,
      "62": 1,
      "63": 0,
      "64": 3,
      "65": 2,
      "66": 2,
      "67": 2,
      "68": 2,
      "69": 1,
      "70": 1,
      "71": 1,
      "72": 1
    },
    "f": {
      "0": 1,
      "1": 0,
      "2": 2,
      "3": 1,
      "4": 2,
      "5": 0,
      "6": 1,
      "7": 1,
      "8": 2
    },
    "b": {
      "0": [0, 1],
      "1": [1, 1],
      "2": [1, 0],
      "3": [0, 0],
      "4": [0, 1],
      "5": [0, 1],
      "6": [1, 1]
    },
    "_coverageSchema": "1a1c01bbd47fc00a2c39e90264f33305004495a9",
    "hash": "7007d625afee570eeae6721a4b18010655d468b2"
  },
  "E:\\GIT Working Folders\\Outdoorsy\\controllers\\reviews.js": {
    "path": "E:\\GIT Working Folders\\Outdoorsy\\controllers\\reviews.js",
    "statementMap": {
      "0": {
        "start": { "line": 4, "column": 19 },
        "end": { "line": 4, "column": 50 }
      },
      "1": {
        "start": { "line": 5, "column": 15 },
        "end": { "line": 5, "column": 42 }
      },
      "2": {
        "start": { "line": 7, "column": 22 },
        "end": { "line": 7, "column": 62 }
      },
      "3": {
        "start": { "line": 16, "column": 0 },
        "end": { "line": 45, "column": 2 }
      },
      "4": {
        "start": { "line": 17, "column": 2 },
        "end": { "line": 44, "column": 3 }
      },
      "5": {
        "start": { "line": 19, "column": 23 },
        "end": { "line": 19, "column": 63 }
      },
      "6": {
        "start": { "line": 20, "column": 4 },
        "end": { "line": 23, "column": 5 }
      },
      "7": {
        "start": { "line": 22, "column": 6 },
        "end": { "line": 22, "column": 54 }
      },
      "8": {
        "start": { "line": 26, "column": 19 },
        "end": { "line": 26, "column": 46 }
      },
      "9": {
        "start": { "line": 29, "column": 4 },
        "end": { "line": 29, "column": 33 }
      },
      "10": {
        "start": { "line": 32, "column": 4 },
        "end": { "line": 32, "column": 36 }
      },
      "11": {
        "start": { "line": 35, "column": 4 },
        "end": { "line": 35, "column": 24 }
      },
      "12": {
        "start": { "line": 38, "column": 4 },
        "end": { "line": 38, "column": 28 }
      },
      "13": {
        "start": { "line": 40, "column": 4 },
        "end": { "line": 40, "column": 48 }
      },
      "14": {
        "start": { "line": 41, "column": 4 },
        "end": { "line": 41, "column": 61 }
      },
      "15": {
        "start": { "line": 43, "column": 4 },
        "end": { "line": 43, "column": 14 }
      },
      "16": {
        "start": { "line": 53, "column": 0 },
        "end": { "line": 75, "column": 2 }
      },
      "17": {
        "start": { "line": 54, "column": 2 },
        "end": { "line": 74, "column": 3 }
      },
      "18": {
        "start": { "line": 55, "column": 29 },
        "end": { "line": 55, "column": 39 }
      },
      "19": {
        "start": { "line": 58, "column": 23 },
        "end": { "line": 58, "column": 52 }
      },
      "20": {
        "start": { "line": 59, "column": 4 },
        "end": { "line": 62, "column": 5 }
      },
      "21": {
        "start": { "line": 61, "column": 6 },
        "end": { "line": 61, "column": 54 }
      },
      "22": {
        "start": { "line": 65, "column": 4 },
        "end": { "line": 65, "column": 77 }
      },
      "23": {
        "start": { "line": 68, "column": 4 },
        "end": { "line": 68, "column": 45 }
      },
      "24": {
        "start": { "line": 70, "column": 4 },
        "end": { "line": 70, "column": 56 }
      },
      "25": {
        "start": { "line": 71, "column": 4 },
        "end": { "line": 71, "column": 49 }
      },
      "26": {
        "start": { "line": 73, "column": 4 },
        "end": { "line": 73, "column": 14 }
      }
    },
    "fnMap": {
      "0": {
        "name": "(anonymous_0)",
        "decl": {
          "start": { "line": 16, "column": 30 },
          "end": { "line": 16, "column": 31 }
        },
        "loc": {
          "start": { "line": 16, "column": 56 },
          "end": { "line": 45, "column": 1 }
        },
        "line": 16
      },
      "1": {
        "name": "(anonymous_1)",
        "decl": {
          "start": { "line": 53, "column": 30 },
          "end": { "line": 53, "column": 31 }
        },
        "loc": {
          "start": { "line": 53, "column": 56 },
          "end": { "line": 75, "column": 1 }
        },
        "line": 53
      }
    },
    "branchMap": {
      "0": {
        "loc": {
          "start": { "line": 20, "column": 4 },
          "end": { "line": 23, "column": 5 }
        },
        "type": "if",
        "locations": [
          {
            "start": { "line": 20, "column": 4 },
            "end": { "line": 23, "column": 5 }
          },
          { "start": {}, "end": {} }
        ],
        "line": 20
      },
      "1": {
        "loc": {
          "start": { "line": 59, "column": 4 },
          "end": { "line": 62, "column": 5 }
        },
        "type": "if",
        "locations": [
          {
            "start": { "line": 59, "column": 4 },
            "end": { "line": 62, "column": 5 }
          },
          { "start": {}, "end": {} }
        ],
        "line": 59
      }
    },
    "s": {
      "0": 2,
      "1": 2,
      "2": 2,
      "3": 2,
      "4": 1,
      "5": 1,
      "6": 1,
      "7": 0,
      "8": 1,
      "9": 1,
      "10": 1,
      "11": 1,
      "12": 1,
      "13": 1,
      "14": 1,
      "15": 0,
      "16": 2,
      "17": 1,
      "18": 1,
      "19": 1,
      "20": 1,
      "21": 0,
      "22": 1,
      "23": 1,
      "24": 1,
      "25": 1,
      "26": 0
    },
    "f": { "0": 1, "1": 1 },
    "b": { "0": [0, 1], "1": [0, 1] },
    "_coverageSchema": "1a1c01bbd47fc00a2c39e90264f33305004495a9",
    "hash": "76883e2f5191b2082fec64c73dbf33092ccf89c7"
  },
  "E:\\GIT Working Folders\\Outdoorsy\\controllers\\users.js": {
    "path": "E:\\GIT Working Folders\\Outdoorsy\\controllers\\users.js",
    "statementMap": {
      "0": {
        "start": { "line": 4, "column": 35 },
        "end": { "line": 4, "column": 63 }
      },
      "1": {
        "start": { "line": 5, "column": 13 },
        "end": { "line": 5, "column": 38 }
      },
      "2": {
        "start": { "line": 11, "column": 0 },
        "end": { "line": 17, "column": 2 }
      },
      "3": {
        "start": { "line": 12, "column": 2 },
        "end": { "line": 16, "column": 5 }
      },
      "4": {
        "start": { "line": 27, "column": 24 },
        "end": { "line": 54, "column": 1 }
      },
      "5": {
        "start": { "line": 28, "column": 17 },
        "end": { "line": 28, "column": 38 }
      },
      "6": {
        "start": { "line": 29, "column": 2 },
        "end": { "line": 36, "column": 3 }
      },
      "7": {
        "start": { "line": 31, "column": 4 },
        "end": { "line": 35, "column": 7 }
      },
      "8": {
        "start": { "line": 38, "column": 2 },
        "end": { "line": 53, "column": 3 }
      },
      "9": {
        "start": { "line": 39, "column": 42 },
        "end": { "line": 39, "column": 50 }
      },
      "10": {
        "start": { "line": 40, "column": 17 },
        "end": { "line": 40, "column": 46 }
      },
      "11": {
        "start": { "line": 43, "column": 27 },
        "end": { "line": 43, "column": 62 }
      },
      "12": {
        "start": { "line": 46, "column": 4 },
        "end": { "line": 50, "column": 7 }
      },
      "13": {
        "start": { "line": 47, "column": 6 },
        "end": { "line": 47, "column": 32 }
      },
      "14": {
        "start": { "line": 47, "column": 15 },
        "end": { "line": 47, "column": 32 }
      },
      "15": {
        "start": { "line": 48, "column": 6 },
        "end": { "line": 48, "column": 52 }
      },
      "16": {
        "start": { "line": 49, "column": 6 },
        "end": { "line": 49, "column": 45 }
      },
      "17": {
        "start": { "line": 52, "column": 4 },
        "end": { "line": 52, "column": 12 }
      },
      "18": {
        "start": { "line": 62, "column": 0 },
        "end": { "line": 83, "column": 2 }
      },
      "19": {
        "start": { "line": 86, "column": 0 },
        "end": { "line": 86, "column": 49 }
      },
      "20": {
        "start": { "line": 92, "column": 0 },
        "end": { "line": 97, "column": 2 }
      },
      "21": {
        "start": { "line": 93, "column": 2 },
        "end": { "line": 96, "column": 5 }
      },
      "22": {
        "start": { "line": 104, "column": 0 },
        "end": { "line": 109, "column": 2 }
      },
      "23": {
        "start": { "line": 105, "column": 2 },
        "end": { "line": 105, "column": 40 }
      },
      "24": {
        "start": { "line": 106, "column": 22 },
        "end": { "line": 106, "column": 70 }
      },
      "25": {
        "start": { "line": 107, "column": 2 },
        "end": { "line": 107, "column": 30 }
      },
      "26": {
        "start": { "line": 108, "column": 2 },
        "end": { "line": 108, "column": 28 }
      },
      "27": {
        "start": { "line": 118, "column": 0 },
        "end": { "line": 126, "column": 2 }
      },
      "28": {
        "start": { "line": 119, "column": 2 },
        "end": { "line": 125, "column": 5 }
      },
      "29": {
        "start": { "line": 120, "column": 4 },
        "end": { "line": 122, "column": 5 }
      },
      "30": {
        "start": { "line": 121, "column": 6 },
        "end": { "line": 121, "column": 23 }
      },
      "31": {
        "start": { "line": 123, "column": 4 },
        "end": { "line": 123, "column": 37 }
      },
      "32": {
        "start": { "line": 124, "column": 4 },
        "end": { "line": 124, "column": 43 }
      }
    },
    "fnMap": {
      "0": {
        "name": "(anonymous_0)",
        "decl": {
          "start": { "line": 11, "column": 32 },
          "end": { "line": 11, "column": 33 }
        },
        "loc": {
          "start": { "line": 11, "column": 46 },
          "end": { "line": 17, "column": 1 }
        },
        "line": 11
      },
      "1": {
        "name": "(anonymous_1)",
        "decl": {
          "start": { "line": 27, "column": 24 },
          "end": { "line": 27, "column": 25 }
        },
        "loc": {
          "start": { "line": 27, "column": 50 },
          "end": { "line": 54, "column": 1 }
        },
        "line": 27
      },
      "2": {
        "name": "(anonymous_2)",
        "decl": {
          "start": { "line": 46, "column": 30 },
          "end": { "line": 46, "column": 31 }
        },
        "loc": {
          "start": { "line": 46, "column": 39 },
          "end": { "line": 50, "column": 5 }
        },
        "line": 46
      },
      "3": {
        "name": "(anonymous_3)",
        "decl": {
          "start": { "line": 92, "column": 29 },
          "end": { "line": 92, "column": 30 }
        },
        "loc": {
          "start": { "line": 92, "column": 43 },
          "end": { "line": 97, "column": 1 }
        },
        "line": 92
      },
      "4": {
        "name": "(anonymous_4)",
        "decl": {
          "start": { "line": 104, "column": 23 },
          "end": { "line": 104, "column": 24 }
        },
        "loc": {
          "start": { "line": 104, "column": 37 },
          "end": { "line": 109, "column": 1 }
        },
        "line": 104
      },
      "5": {
        "name": "(anonymous_5)",
        "decl": {
          "start": { "line": 118, "column": 24 },
          "end": { "line": 118, "column": 25 }
        },
        "loc": {
          "start": { "line": 118, "column": 44 },
          "end": { "line": 126, "column": 1 }
        },
        "line": 118
      },
      "6": {
        "name": "(anonymous_6)",
        "decl": {
          "start": { "line": 119, "column": 13 },
          "end": { "line": 119, "column": 14 }
        },
        "loc": {
          "start": { "line": 119, "column": 28 },
          "end": { "line": 125, "column": 3 }
        },
        "line": 119
      }
    },
    "branchMap": {
      "0": {
        "loc": {
          "start": { "line": 29, "column": 2 },
          "end": { "line": 36, "column": 3 }
        },
        "type": "if",
        "locations": [
          {
            "start": { "line": 29, "column": 2 },
            "end": { "line": 36, "column": 3 }
          },
          { "start": {}, "end": {} }
        ],
        "line": 29
      },
      "1": {
        "loc": {
          "start": { "line": 47, "column": 6 },
          "end": { "line": 47, "column": 32 }
        },
        "type": "if",
        "locations": [
          {
            "start": { "line": 47, "column": 6 },
            "end": { "line": 47, "column": 32 }
          },
          { "start": {}, "end": {} }
        ],
        "line": 47
      },
      "2": {
        "loc": {
          "start": { "line": 106, "column": 22 },
          "end": { "line": 106, "column": 70 }
        },
        "type": "binary-expr",
        "locations": [
          {
            "start": { "line": 106, "column": 22 },
            "end": { "line": 106, "column": 42 }
          },
          {
            "start": { "line": 106, "column": 46 },
            "end": { "line": 106, "column": 70 }
          }
        ],
        "line": 106
      },
      "3": {
        "loc": {
          "start": { "line": 120, "column": 4 },
          "end": { "line": 122, "column": 5 }
        },
        "type": "if",
        "locations": [
          {
            "start": { "line": 120, "column": 4 },
            "end": { "line": 122, "column": 5 }
          },
          { "start": {}, "end": {} }
        ],
        "line": 120
      }
    },
    "s": {
      "0": 2,
      "1": 2,
      "2": 2,
      "3": 1,
      "4": 2,
      "5": 4,
      "6": 4,
      "7": 1,
      "8": 3,
      "9": 3,
      "10": 3,
      "11": 3,
      "12": 2,
      "13": 2,
      "14": 1,
      "15": 1,
      "16": 1,
      "17": 1,
      "18": 2,
      "19": 2,
      "20": 2,
      "21": 2,
      "22": 2,
      "23": 2,
      "24": 2,
      "25": 2,
      "26": 2,
      "27": 2,
      "28": 2,
      "29": 2,
      "30": 1,
      "31": 1,
      "32": 1
    },
    "f": { "0": 1, "1": 4, "2": 2, "3": 2, "4": 2, "5": 2, "6": 2 },
    "b": { "0": [1, 3], "1": [1, 1], "2": [2, 1], "3": [1, 1] },
    "_coverageSchema": "1a1c01bbd47fc00a2c39e90264f33305004495a9",
    "hash": "69fae526ca26a9a52f332f0a4e9bc8475d29fa0b"
  },
  "E:\\GIT Working Folders\\Outdoorsy\\middleware\\auth.js": {
    "path": "E:\\GIT Working Folders\\Outdoorsy\\middleware\\auth.js",
    "statementMap": {
      "0": {
        "start": { "line": 4, "column": 19 },
        "end": { "line": 4, "column": 50 }
      },
      "1": {
        "start": { "line": 5, "column": 15 },
[...]
        "end": { "line": 2, "column": 30 }
      },
      "2": {
        "start": { "line": 3, "column": 30 },
        "end": { "line": 3, "column": 64 }
      },
      "3": {
        "start": { "line": 14, "column": 19 },
        "end": { "line": 20, "column": 2 }
      },
      "4": {
        "start": { "line": 23, "column": 0 },
        "end": { "line": 23, "column": 69 }
      },
      "5": {
        "start": { "line": 25, "column": 0 },
        "end": { "line": 25, "column": 52 }
      }
    },
    "fnMap": {},
    "branchMap": {},
    "s": { "0": 2, "1": 2, "2": 2, "3": 2, "4": 2, "5": 2 },
    "f": {},
    "b": {},
    "_coverageSchema": "1a1c01bbd47fc00a2c39e90264f33305004495a9",
    "hash": "83cbebd4a6313011e057146ec5a6286a521efe8e"
  },
  "E:\\GIT Working Folders\\Outdoorsy\\routes\\campgrounds.js": {
    "path": "E:\\GIT Working Folders\\Outdoorsy\\routes\\campgrounds.js",
    "statementMap": {
      "0": {
        "start": { "line": 4, "column": 16 },
        "end": { "line": 4, "column": 34 }
      },
      "1": {
        "start": { "line": 5, "column": 15 },
        "end": { "line": 5, "column": 31 }
      },
      "2": {
        "start": { "line": 6, "column": 20 },
        "end": { "line": 6, "column": 57 }
      },
      "3": {
        "start": { "line": 7, "column": 19 },
        "end": { "line": 7, "column": 49 }
      },
      "4": {
        "start": { "line": 8, "column": 53 },
        "end": { "line": 8, "column": 77 }
      },
      "5": {
        "start": { "line": 9, "column": 15 },
        "end": { "line": 9, "column": 32 }
      },
      "6": {
        "start": { "line": 10, "column": 20 },
        "end": { "line": 10, "column": 44 }
      },
      "7": {
        "start": { "line": 11, "column": 15 },
        "end": { "line": 11, "column": 34 }
      },
      "8": {
        "start": { "line": 17, "column": 0 },
        "end": { "line": 25, "column": 4 }
      },
      "9": {
        "start": { "line": 31, "column": 0 },
        "end": { "line": 31, "column": 58 }
      },
      "10": {
        "start": { "line": 37, "column": 0 },
        "end": { "line": 47, "column": 74 }
      },
      "11": {
        "start": { "line": 53, "column": 0 },
        "end": { "line": 58, "column": 2 }
      },
      "12": {
        "start": { "line": 60, "column": 0 },
        "end": { "line": 60, "column": 24 }
      }
    },
    "fnMap": {},
    "branchMap": {},
    "s": {
      "0": 2,
      "1": 2,
      "2": 2,
      "3": 2,
      "4": 2,
      "5": 2,
      "6": 2,
      "7": 2,
      "8": 2,
      "9": 2,
      "10": 2,
      "11": 2,
      "12": 2
    },
    "f": {},
    "b": {},
    "_coverageSchema": "1a1c01bbd47fc00a2c39e90264f33305004495a9",
    "hash": "0da9b2f99685914c5f51749c49656c8c15946216"
  },
  "E:\\GIT Working Folders\\Outdoorsy\\routes\\reviews.js": {
    "path": "E:\\GIT Working Folders\\Outdoorsy\\routes\\reviews.js",
    "statementMap": {
      "0": {
        "start": { "line": 4, "column": 16 },
        "end": { "line": 4, "column": 34 }
      },
      "1": {
        "start": { "line": 6, "column": 15 },
        "end": { "line": 6, "column": 52 }
      },
      "2": {
        "start": { "line": 8, "column": 55 },
        "end": { "line": 8, "column": 79 }
      },
      "3": {
        "start": { "line": 9, "column": 16 },
        "end": { "line": 9, "column": 49 }
      },
      "4": {
        "start": { "line": 10, "column": 19 },
        "end": { "line": 10, "column": 49 }
      },
      "5": {
        "start": { "line": 18, "column": 0 },
        "end": { "line": 18, "column": 79 }
      },
      "6": {
        "start": { "line": 26, "column": 0 },
        "end": { "line": 31, "column": 2 }
      },
      "7": {
        "start": { "line": 33, "column": 0 },
        "end": { "line": 33, "column": 24 }
      }
    },
    "fnMap": {},
    "branchMap": {},
    "s": { "0": 2, "1": 2, "2": 2, "3": 2, "4": 2, "5": 2, "6": 2, "7": 2 },
    "f": {},
    "b": {},
    "_coverageSchema": "1a1c01bbd47fc00a2c39e90264f33305004495a9",
    "hash": "7d89553b109b0a04ed16b83230f37271754ff42a"
  },
  "E:\\GIT Working Folders\\Outdoorsy\\routes\\users.js": {
    "path": "E:\\GIT Working Folders\\Outdoorsy\\routes\\users.js",
    "statementMap": {
      "0": {
        "start": { "line": 4, "column": 16 },
        "end": { "line": 4, "column": 34 }
      },
      "1": {
        "start": { "line": 5, "column": 15 },
        "end": { "line": 5, "column": 31 }
      },
      "2": {
        "start": { "line": 6, "column": 17 },
        "end": { "line": 6, "column": 36 }
      },
      "3": {
        "start": { "line": 7, "column": 19 },
        "end": { "line": 7, "column": 49 }
      },
      "4": {
        "start": { "line": 8, "column": 14 },
        "end": { "line": 8, "column": 45 }
      },
      "5": {
        "start": { "line": 9, "column": 18 },
        "end": { "line": 9, "column": 47 }
      },
      "6": {
        "start": { "line": 10, "column": 14 },
        "end": { "line": 10, "column": 30 }
      },
      "7": {
        "start": { "line": 12, "column": 23 },
        "end": { "line": 12, "column": 30 }
      },
      "8": {
        "start": { "line": 19, "column": 20 },
        "end": { "line": 23, "column": 2 }
      },
      "9": {
        "start": { "line": 31, "column": 2 },
        "end": { "line": 33, "column": 3 }
      },
      "10": {
        "start": { "line": 32, "column": 4 },
        "end": { "line": 32, "column": 54 }
      },
      "11": {
        "start": { "line": 34, "column": 2 },
        "end": { "line": 34, "column": 22 }
      },
      "12": {
        "start": { "line": 35, "column": 2 },
        "end": { "line": 35, "column": 39 }
      },
      "13": {
        "start": { "line": 36, "column": 2 },
        "end": { "line": 36, "column": 9 }
      },
      "14": {
        "start": { "line": 44, "column": 2 },
        "end": { "line": 44, "column": 79 }
      },
      "15": {
        "start": { "line": 44, "column": 56 },
        "end": { "line": 44, "column": 62 }
      },
      "16": {
        "start": { "line": 51, "column": 0 },
        "end": { "line": 54, "column": 60 }
      },
      "17": {
        "start": { "line": 63, "column": 0 },
        "end": { "line": 74, "column": 4 }
      },
      "18": {
        "start": { "line": 80, "column": 0 },
        "end": { "line": 80, "column": 36 }
      },
      "19": {
        "start": { "line": 82, "column": 0 },
        "end": { "line": 82, "column": 24 }
      }
    },
    "fnMap": {
      "0": {
        "name": "prepareForm",
        "decl": {
          "start": { "line": 30, "column": 9 },
          "end": { "line": 30, "column": 20 }
        },
        "loc": {
          "start": { "line": 30, "column": 37 },
          "end": { "line": 37, "column": 1 }
        },
        "line": 30
      },
      "1": {
        "name": "(anonymous_1)",
        "decl": {
          "start": { "line": 44, "column": 36 },
          "end": { "line": 44, "column": 37 }
        },
        "loc": {
          "start": { "line": 44, "column": 56 },
          "end": { "line": 44, "column": 62 }
        },
        "line": 44
      }
    },
    "branchMap": {
      "0": {
        "loc": {
          "start": { "line": 31, "column": 2 },
          "end": { "line": 33, "column": 3 }
        },
        "type": "if",
        "locations": [
          {
            "start": { "line": 31, "column": 2 },
            "end": { "line": 33, "column": 3 }
          },
          { "start": {}, "end": {} }
        ],
        "line": 31
      },
      "1": {
        "loc": {
          "start": { "line": 44, "column": 2 },
          "end": { "line": 44, "column": 79 }
        },
        "type": "cond-expr",
        "locations": [
          {
            "start": { "line": 44, "column": 36 },
            "end": { "line": 44, "column": 62 }
          },
          {
            "start": { "line": 44, "column": 65 },
            "end": { "line": 44, "column": 79 }
          }
        ],
        "line": 44
      }
    },
    "s": {
      "0": 2,
      "1": 2,
      "2": 2,
      "3": 2,
      "4": 2,
      "5": 2,
      "6": 2,
      "7": 2,
      "8": 2,
      "9": 3,
      "10": 0,
      "11": 3,
      "12": 3,
      "13": 3,
      "14": 2,
      "15": 5,
      "16": 2,
      "17": 2,
      "18": 2,
      "19": 2
    },
    "f": { "0": 3, "1": 5 },
    "b": { "0": [0, 3], "1": [2, 0] },
    "_coverageSchema": "1a1c01bbd47fc00a2c39e90264f33305004495a9",
    "hash": "630bd36235d85cf1d40d0849743d3aaf37df2fb5"
  },
  "E:\\GIT Working Folders\\Outdoorsy\\utils\\ExpressError.js": {
    "path": "E:\\GIT Working Folders\\Outdoorsy\\utils\\ExpressError.js",
    "statementMap": {
      "0": {
        "start": { "line": 11, "column": 4 },
        "end": { "line": 11, "column": 19 }
      },
      "1": {
        "start": { "line": 12, "column": 4 },
        "end": { "line": 12, "column": 33 }
      },
      "2": {
        "start": { "line": 13, "column": 4 },
        "end": { "line": 13, "column": 38 }
      },
      "3": {
        "start": { "line": 14, "column": 4 },
        "end": { "line": 14, "column": 52 }
      },
      "4": {
        "start": { "line": 18, "column": 0 },
        "end": { "line": 18, "column": 30 }
      }
    },
    "fnMap": {
      "0": {
        "name": "(anonymous_0)",
        "decl": {
          "start": { "line": 10, "column": 2 },
          "end": { "line": 10, "column": 3 }
        },
        "loc": {
          "start": { "line": 10, "column": 41 },
          "end": { "line": 15, "column": 3 }
        },
        "line": 10
      }
    },
    "branchMap": {
      "0": {
        "loc": {
          "start": { "line": 10, "column": 23 },
          "end": { "line": 10, "column": 39 }
        },
        "type": "default-arg",
        "locations": [
          {
            "start": { "line": 10, "column": 36 },
            "end": { "line": 10, "column": 39 }
          }
        ],
        "line": 10
      }
    },
    "s": { "0": 11, "1": 11, "2": 11, "3": 11, "4": 7 },
    "f": { "0": 11 },
    "b": { "0": [0] },
    "_coverageSchema": "1a1c01bbd47fc00a2c39e90264f33305004495a9",
    "hash": "5214bd3a832e6b30c3cee7444fff2a2da1effa7a"
  },
  "E:\\GIT Working Folders\\Outdoorsy\\utils\\catchAsync.js": {
    "path": "E:\\GIT Working Folders\\Outdoorsy\\utils\\catchAsync.js",
    "statementMap": {
      "0": {
        "start": { "line": 10, "column": 0 },
        "end": { "line": 14, "column": 2 }
      },
      "1": {
        "start": { "line": 11, "column": 2 },
        "end": { "line": 13, "column": 4 }
      },
      "2": {
        "start": { "line": 12, "column": 4 },
        "end": { "line": 12, "column": 35 }
      }
    },
    "fnMap": {
      "0": {
        "name": "catchAsync",
        "decl": {
          "start": { "line": 10, "column": 26 },
          "end": { "line": 10, "column": 36 }
        },
        "loc": {
          "start": { "line": 10, "column": 41 },
          "end": { "line": 14, "column": 1 }
        },
        "line": 10
      },
      "1": {
        "name": "(anonymous_1)",
        "decl": {
          "start": { "line": 11, "column": 9 },
          "end": { "line": 11, "column": 10 }
        },
        "loc": {
          "start": { "line": 11, "column": 35 },
          "end": { "line": 13, "column": 3 }
        },
        "line": 11
      }
    },
    "branchMap": {},
    "s": { "0": 4, "1": 18, "2": 9 },
    "f": { "0": 18, "1": 9 },
    "b": {},
    "_coverageSchema": "1a1c01bbd47fc00a2c39e90264f33305004495a9",
    "hash": "3de17134bedaf6809e1ee56bd327b44239d64bd8"
  },
  "E:\\GIT Working Folders\\Outdoorsy\\utils\\logger.js": {
    "path": "E:\\GIT Working Folders\\Outdoorsy\\utils\\logger.js",
    "statementMap": {
      "0": {
        "start": { "line": 4, "column": 19 },
        "end": { "line": 4, "column": 38 }
      },
      "1": {
        "start": { "line": 5, "column": 21 },
        "end": { "line": 5, "column": 36 }
      },
      "2": {
        "start": { "line": 6, "column": 11 },
        "end": { "line": 6, "column": 24 }
      },
      "3": {
        "start": { "line": 7, "column": 19 },
        "end": { "line": 7, "column": 41 }
      },
      "4": {
        "start": { "line": 8, "column": 13 },
        "end": { "line": 8, "column": 28 }
      },
      "5": {
        "start": { "line": 16, "column": 18 },
        "end": { "line": 33, "column": 1 }
      },
      "6": {
        "start": { "line": 17, "column": 19 },
        "end": { "line": 17, "column": 59 }
      },
      "7": {
        "start": { "line": 18, "column": 18 },
        "end": { "line": 18, "column": 56 }
      },
      "8": {
        "start": { "line": 19, "column": 18 },
        "end": { "line": 19, "column": 52 }
      },
      "9": {
        "start": { "line": 20, "column": 22 },
        "end": { "line": 20, "column": 53 }
      },
      "10": {
        "start": { "line": 22, "column": 2 },
        "end": { "line": 32, "column": 3 }
      },
      "11": {
        "start": { "line": 24, "column": 4 },
        "end": { "line": 26, "column": 5 }
      },
      "12": {
        "start": { "line": 25, "column": 6 },
        "end": { "line": 25, "column": 59 }
      },
      "13": {
        "start": { "line": 28, "column": 4 },
        "end": { "line": 28, "column": 54 }
      },
      "14": {
        "start": { "line": 31, "column": 4 },
        "end": { "line": 31, "column": 57 }
      },
      "15": {
        "start": { "line": 35, "column": 0 },
        "end": { "line": 35, "column": 31 }
      }
    },
    "fnMap": {
      "0": {
        "name": "(anonymous_0)",
        "decl": {
          "start": { "line": 16, "column": 18 },
          "end": { "line": 16, "column": 19 }
        },
        "loc": {
          "start": { "line": 16, "column": 50 },
          "end": { "line": 33, "column": 1 }
        },
        "line": 16
      }
    },
    "branchMap": {
      "0": {
        "loc": {
          "start": { "line": 24, "column": 4 },
          "end": { "line": 26, "column": 5 }
        },
        "type": "if",
        "locations": [
          {
            "start": { "line": 24, "column": 4 },
            "end": { "line": 26, "column": 5 }
          },
          { "start": {}, "end": {} }
        ],
        "line": 24
      }
    },
    "s": {
      "0": 2,
      "1": 2,
      "2": 2,
      "3": 2,
      "4": 2,
      "5": 2,
      "6": 7,
      "7": 7,
      "8": 7,
      "9": 7,
      "10": 7,
      "11": 7,
      "12": 1,
      "13": 7,
      "14": 1,
      "15": 2
    },
    "f": { "0": 7 },
    "b": { "0": [1, 6] },
    "_coverageSchema": "1a1c01bbd47fc00a2c39e90264f33305004495a9",
    "hash": "bd8de00a59c232168c85e9b08d60d7ed04e256fb"
  },
  "E:\\GIT Working Folders\\Outdoorsy\\utils\\errors\\AppError.js": {
    "path": "E:\\GIT Working Folders\\Outdoorsy\\utils\\errors\\AppError.js",
    "statementMap": {
      "0": {
        "start": { "line": 4, "column": 21 },
        "end": { "line": 4, "column": 47 }
      },
      "1": {
        "start": { "line": 13, "column": 4 },
        "end": { "line": 13, "column": 31 }
      },
      "2": {
        "start": { "line": 17, "column": 0 },
        "end": { "line": 17, "column": 26 }
      }
    },
    "fnMap": {
      "0": {
        "name": "(anonymous_0)",
        "decl": {
          "start": { "line": 12, "column": 2 },
          "end": { "line": 12, "column": 3 }
        },
        "loc": {
          "start": { "line": 12, "column": 41 },
          "end": { "line": 14, "column": 3 }
        },
        "line": 12
      }
    },
    "branchMap": {
      "0": {
        "loc": {
          "start": { "line": 12, "column": 23 },
          "end": { "line": 12, "column": 39 }
        },
        "type": "default-arg",
        "locations": [
          {
            "start": { "line": 12, "column": 36 },
            "end": { "line": 12, "column": 39 }
          }
        ],
        "line": 12
      }
    },
    "s": { "0": 5, "1": 7, "2": 5 },
    "f": { "0": 7 },
    "b": { "0": [0] },
    "_coverageSchema": "1a1c01bbd47fc00a2c39e90264f33305004495a9",
    "hash": "ae29ed290c5f809701237499dd3a40fc06b94658"
  },
  "E:\\GIT Working Folders\\Outdoorsy\\utils\\errors\\AuthenticationError.js": {
    "path": "E:\\GIT Working Folders\\Outdoorsy\\utils\\errors\\AuthenticationError.js",
    "statementMap": {
      "0": {
        "start": { "line": 4, "column": 17 },
        "end": { "line": 4, "column": 38 }
      },
      "1": {
        "start": { "line": 13, "column": 4 },
        "end": { "line": 13, "column": 24 }
      },
      "2": {
        "start": { "line": 17, "column": 0 },
        "end": { "line": 17, "column": 37 }
      }
    },
    "fnMap": {
      "0": {
        "name": "(anonymous_0)",
        "decl": {
          "start": { "line": 12, "column": 2 },
          "end": { "line": 12, "column": 3 }
        },
        "loc": {
          "start": { "line": 12, "column": 49 },
          "end": { "line": 14, "column": 3 }
        },
        "line": 12
      }
    },
    "branchMap": {
      "0": {
        "loc": {
          "start": { "line": 12, "column": 14 },
          "end": { "line": 12, "column": 47 }
        },
        "type": "default-arg",
        "locations": [
          {
            "start": { "line": 12, "column": 24 },
            "end": { "line": 12, "column": 47 }
          }
        ],
        "line": 12
      }
    },
    "s": { "0": 1, "1": 1, "2": 1 },
    "f": { "0": 1 },
    "b": { "0": [0] },
    "_coverageSchema": "1a1c01bbd47fc00a2c39e90264f33305004495a9",
    "hash": "6d7668a82183e9c7aae24bf12c50703eb6c6ab82"
  },
  "E:\\GIT Working Folders\\Outdoorsy\\utils\\errors\\NotFoundError.js": {
    "path": "E:\\GIT Working Folders\\Outdoorsy\\utils\\errors\\NotFoundError.js",
    "statementMap": {
      "0": {
        "start": { "line": 4, "column": 17 },
        "end": { "line": 4, "column": 38 }
      },
      "1": {
        "start": { "line": 13, "column": 4 },
        "end": { "line": 13, "column": 24 }
      },
      "2": {
        "start": { "line": 17, "column": 0 },
        "end": { "line": 17, "column": 31 }
      }
    },
    "fnMap": {
      "0": {
        "name": "(anonymous_0)",
        "decl": {
          "start": { "line": 12, "column": 2 },
          "end": { "line": 12, "column": 3 }
        },
        "loc": {
          "start": { "line": 12, "column": 46 },
          "end": { "line": 14, "column": 3 }
        },
        "line": 12
      }
    },
    "branchMap": {
      "0": {
        "loc": {
          "start": { "line": 12, "column": 14 },
          "end": { "line": 12, "column": 44 }
        },
        "type": "default-arg",
        "locations": [
          {
            "start": { "line": 12, "column": 24 },
            "end": { "line": 12, "column": 44 }
          }
        ],
        "line": 12
      }
    },
    "s": { "0": 5, "1": 4, "2": 5 },
    "f": { "0": 4 },
    "b": { "0": [0] },
    "_coverageSchema": "1a1c01bbd47fc00a2c39e90264f33305004495a9",
    "hash": "d0c575c3f922f1b25d97fe0434ef77ff1e56fd89"
  },
  "E:\\GIT Working Folders\\Outdoorsy\\utils\\errors\\ValidationError.js": {
    "path": "E:\\GIT Working Folders\\Outdoorsy\\utils\\errors\\ValidationError.js",
    "statementMap": {
      "0": {
        "start": { "line": 4, "column": 17 },
        "end": { "line": 4, "column": 38 }
      },
      "1": {
        "start": { "line": 13, "column": 4 },
        "end": { "line": 13, "column": 24 }
      },
      "2": {
        "start": { "line": 17, "column": 0 },
        "end": { "line": 17, "column": 33 }
      }
    },
    "fnMap": {
      "0": {
        "name": "(anonymous_0)",
        "decl": {
          "start": { "line": 12, "column": 2 },
          "end": { "line": 12, "column": 3 }
        },
        "loc": {
          "start": { "line": 12, "column": 23 },
          "end": { "line": 14, "column": 3 }
        },
        "line": 12
      }
    },
    "branchMap": {},
    "s": { "0": 0, "1": 0, "2": 0 },
    "f": { "0": 0 },
    "b": {}
  }
}
