TN:
SF:.eslintrc.js
FNF:0
FNH:0
DA:1,0
LF:1
LH:0
BRF:0
BRH:0
end_of_record
TN:
SF:app.js
FN:54,(anonymous_0)
FN:55,(anonymous_1)
FN:67,(anonymous_2)
FN:77,(anonymous_3)
FN:88,(anonymous_4)
FN:95,(anonymous_5)
FN:104,(anonymous_6)
FNF:7
FNH:7
FNDA:3,(anonymous_0)
FNDA:1,(anonymous_1)
FNDA:3,(anonymous_2)
FNDA:3,(anonymous_3)
FNDA:1,(anonymous_4)
FNDA:1,(anonymous_5)
FNDA:1,(anonymous_6)
DA:4,1
DA:5,1
DA:6,1
DA:7,1
DA:8,1
DA:9,1
DA:10,1
DA:11,1
DA:12,1
DA:13,1
DA:15,1
DA:16,1
DA:17,1
DA:18,1
DA:19,1
DA:21,1
DA:24,1
DA:27,1
DA:30,1
DA:33,1
DA:36,1
DA:37,1
DA:38,1
DA:41,1
DA:44,1
DA:47,1
DA:50,1
DA:53,1
DA:54,1
DA:55,3
DA:56,3
DA:57,3
DA:62,1
DA:63,1
DA:64,1
DA:67,1
DA:68,3
DA:69,3
DA:70,3
DA:71,3
DA:72,3
DA:73,3
DA:77,1
DA:78,3
DA:79,3
DA:83,1
DA:84,1
DA:85,1
DA:88,1
DA:89,1
DA:90,1
DA:91,1
DA:95,1
DA:96,1
DA:97,1
DA:98,1
DA:104,1
DA:105,1
DA:106,1
DA:107,1
DA:109,1
DA:117,1
DA:119,1
LF:63
LH:63
BRDA:53,0,0,1
BRDA:53,0,1,0
BRDA:70,1,0,3
BRDA:70,1,1,3
BRDA:105,2,0,1
BRDA:105,2,1,0
BRDA:106,3,0,0
BRDA:106,3,1,1
BRDA:112,4,0,0
BRDA:112,4,1,1
BRF:10
BRH:6
end_of_record
TN:
SF:commitlint.config.js
FNF:0
FNH:0
DA:1,0
LF:1
LH:0
BRF:0
BRH:0
end_of_record
TN:
SF:middleware.js
FN:16,(anonymous_0)
FN:29,(anonymous_1)
FN:32,(anonymous_2)
FN:45,(anonymous_3)
FN:68,(anonymous_4)
FN:90,(anonymous_5)
FN:93,(anonymous_6)
FN:103,(anonymous_7)
FNF:8
FNH:8
FNDA:2,(anonymous_0)
FNDA:2,(anonymous_1)
FNDA:1,(anonymous_2)
FNDA:4,(anonymous_3)
FNDA:4,(anonymous_4)
FNDA:2,(anonymous_5)
FNDA:1,(anonymous_6)
FNDA:2,(anonymous_7)
DA:4,2
DA:5,2
DA:6,2
DA:7,2
DA:8,2
DA:16,2
DA:17,2
DA:18,1
DA:19,1
DA:20,1
DA:22,1
DA:29,2
DA:30,2
DA:31,2
DA:32,1
DA:34,1
DA:35,1
DA:37,1
DA:45,2
DA:46,4
DA:47,4
DA:48,4
DA:49,3
DA:50,1
DA:51,1
DA:53,2
DA:54,1
DA:55,1
DA:57,1
DA:59,1
DA:68,2
DA:69,4
DA:70,4
DA:71,4
DA:72,3
DA:73,1
DA:74,1
DA:76,2
DA:77,1
DA:78,1
DA:80,1
DA:82,1
DA:90,2
DA:91,2
DA:92,2
DA:93,1
DA:94,1
DA:96,1
DA:103,2
DA:104,2
DA:105,1
DA:107,2
LF:52
LH:52
BRDA:17,0,0,1
BRDA:17,0,1,1
BRDA:31,1,0,1
BRDA:31,1,1,1
BRDA:49,2,0,1
BRDA:49,2,1,2
BRDA:53,3,0,1
BRDA:53,3,1,1
BRDA:72,4,0,1
BRDA:72,4,1,2
BRDA:76,5,0,1
BRDA:76,5,1,1
BRDA:92,6,0,1
BRDA:92,6,1,1
BRDA:104,7,0,1
BRDA:104,7,1,1
BRF:16
BRH:16
end_of_record
TN:
SF:schemas.js
FN:12,(anonymous_0)
FN:20,(anonymous_1)
FNF:2
FNH:2
FNDA:3,(anonymous_0)
FNDA:9,(anonymous_1)
DA:4,3
DA:5,3
DA:12,3
DA:22,9
DA:27,9
DA:28,0
DA:29,9
DA:36,3
DA:44,3
DA:60,3
LF:10
LH:9
BRDA:27,0,0,0
BRDA:27,0,1,9
BRF:2
BRH:1
end_of_record
TN:
SF:server.js
FN:26,(anonymous_0)
FN:34,(anonymous_1)
FNF:2
FNH:0
FNDA:0,(anonymous_0)
FNDA:0,(anonymous_1)
DA:5,0
DA:7,0
DA:8,0
DA:11,0
DA:14,0
DA:19,0
DA:23,0
DA:26,0
DA:28,0
DA:31,0
DA:34,0
DA:36,0
LF:12
LH:0
BRDA:11,0,0,0
BRDA:11,0,1,0
BRDA:31,1,0,0
BRDA:31,1,1,0
BRF:4
BRH:0
end_of_record
TN:
SF:cloudinary\index.js
FNF:0
FNH:0
DA:1,3
DA:2,3
DA:4,3
DA:10,3
DA:18,3
LF:5
LH:5
BRF:0
BRH:0
end_of_record
TN:
SF:config\basePath.js
FN:23,(anonymous_0)
FN:49,(anonymous_1)
FN:61,(anonymous_2)
FN:79,(anonymous_3)
FNF:4
FNH:1
FNDA:20,(anonymous_0)
FNDA:0,(anonymous_1)
FNDA:0,(anonymous_2)
FNDA:0,(anonymous_3)
DA:11,3
DA:23,3
DA:25,20
DA:28,20
DA:33,20
DA:34,0
DA:37,20
DA:49,3
DA:50,0
DA:61,3
DA:62,0
DA:63,0
DA:66,3
DA:79,0
LF:14
LH:9
BRDA:11,0,0,3
BRDA:11,0,1,3
BRDA:23,1,0,0
BRDA:25,2,0,0
BRDA:25,2,1,20
BRDA:28,3,0,0
BRDA:28,3,1,20
BRDA:33,4,0,0
BRDA:33,4,1,20
BRDA:62,5,0,0
BRDA:62,5,1,0
BRDA:74,6,0,3
BRDA:74,6,1,0
BRF:13
BRH:6
end_of_record
TN:
SF:config\database.js
FN:13,(anonymous_0)
FN:28,(anonymous_1)
FNF:2
FNH:0
FNDA:0,(anonymous_0)
FNDA:0,(anonymous_1)
DA:4,0
DA:13,0
DA:14,0
DA:15,0
DA:18,0
DA:25,0
DA:28,0
DA:30,0
DA:35,0
DA:36,0
DA:40,0
LF:11
LH:0
BRDA:15,0,0,0
BRDA:15,0,1,0
BRF:2
BRH:0
end_of_record
TN:
SF:config\passport.js
FN:14,(anonymous_0)
FNF:1
FNH:1
FNDA:1,(anonymous_0)
DA:4,1
DA:5,1
DA:6,1
DA:14,1
DA:15,1
DA:23,1
DA:26,1
DA:29,1
LF:8
LH:8
BRF:0
BRH:0
end_of_record
TN:
SF:config\security.js
FNF:0
FNH:0
DA:4,1
DA:12,1
DA:71,1
LF:3
LH:3
BRF:0
BRH:0
end_of_record
TN:
SF:config\session.js
FNF:0
FNH:0
DA:11,1
DA:39,1
LF:2
LH:2
BRDA:13,0,0,1
BRDA:13,0,1,0
BRDA:32,1,0,1
BRDA:32,1,1,1
BRF:4
BRH:3
end_of_record
TN:
SF:config\swagger.js
FN:38,(anonymous_0)
FNF:1
FNH:1
FNDA:1,(anonymous_0)
DA:4,1
DA:5,1
DA:13,1
DA:31,1
DA:38,1
DA:39,1
DA:46,1
LF:7
LH:7
BRDA:23,0,0,1
BRDA:23,0,1,1
BRDA:40,1,0,1
BRDA:40,1,1,1
BRF:4
BRH:4
end_of_record
TN:
SF:controllers\campgrounds.js
FN:19,(anonymous_0)
FN:31,(anonymous_1)
FN:41,(anonymous_2)
FN:63,(anonymous_3)
FN:86,(anonymous_4)
FN:117,(anonymous_5)
FN:140,(anonymous_6)
FN:154,(anonymous_7)
FN:179,(anonymous_8)
FNF:9
FNH:7
FNDA:1,(anonymous_0)
FNDA:0,(anonymous_1)
FNDA:2,(anonymous_2)
FNDA:1,(anonymous_3)
FNDA:2,(anonymous_4)
FNDA:0,(anonymous_5)
FNDA:1,(anonymous_6)
FNDA:1,(anonymous_7)
FNDA:2,(anonymous_8)
DA:6,3
DA:7,3
DA:8,3
DA:9,3
DA:10,3
DA:11,3
DA:13,3
DA:14,3
DA:19,3
DA:20,1
DA:21,1
DA:22,1
DA:24,0
DA:31,3
DA:32,0
DA:41,3
DA:42,2
DA:44,2
DA:52,1
DA:53,0
DA:57,1
DA:60,1
DA:63,1
DA:69,1
DA:72,1
DA:74,1
DA:75,1
DA:77,1
DA:86,3
DA:87,2
DA:88,2
DA:96,2
DA:97,1
DA:101,1
DA:102,1
DA:106,1
DA:108,1
DA:117,3
DA:118,0
DA:119,0
DA:120,0
DA:122,0
DA:123,0
DA:126,0
DA:128,0
DA:130,0
DA:140,3
DA:141,1
DA:142,1
DA:145,1
DA:149,1
DA:150,0
DA:154,1
DA:155,1
DA:156,1
DA:159,1
DA:160,0
DA:161,0
DA:163,0
DA:168,1
DA:169,1
DA:171,0
DA:179,3
DA:180,2
DA:181,2
DA:182,2
DA:184,2
DA:185,1
DA:188,1
DA:189,1
DA:191,1
LF:71
LH:55
BRDA:52,0,0,0
BRDA:52,0,1,1
BRDA:96,1,0,1
BRDA:96,1,1,1
BRDA:102,2,0,1
BRDA:102,2,1,0
BRDA:122,3,0,0
BRDA:122,3,1,0
BRDA:149,4,0,0
BRDA:149,4,1,1
BRDA:159,5,0,0
BRDA:159,5,1,1
BRDA:184,6,0,1
BRDA:184,6,1,1
BRF:14
BRH:8
end_of_record
TN:
SF:controllers\reviews.js
FN:16,(anonymous_0)
FN:53,(anonymous_1)
FNF:2
FNH:2
FNDA:1,(anonymous_0)
FNDA:1,(anonymous_1)
DA:4,2
DA:5,2
DA:7,2
DA:16,2
DA:17,1
DA:19,1
DA:20,1
DA:22,0
DA:26,1
DA:29,1
DA:32,1
DA:35,1
DA:38,1
DA:40,1
DA:41,1
DA:43,0
DA:53,2
DA:54,1
DA:55,1
DA:58,1
DA:59,1
DA:61,0
DA:65,1
DA:68,1
DA:70,1
DA:71,1
DA:73,0
LF:27
LH:23
BRDA:20,0,0,0
BRDA:20,0,1,1
BRDA:59,1,0,0
BRDA:59,1,1,1
BRF:4
BRH:2
end_of_record
TN:
SF:controllers\users.js
FN:11,(anonymous_0)
FN:27,(anonymous_1)
FN:46,(anonymous_2)
FN:92,(anonymous_3)
FN:104,(anonymous_4)
FN:118,(anonymous_5)
FN:119,(anonymous_6)
FNF:7
FNH:7
FNDA:1,(anonymous_0)
FNDA:4,(anonymous_1)
FNDA:2,(anonymous_2)
FNDA:2,(anonymous_3)
FNDA:2,(anonymous_4)
FNDA:2,(anonymous_5)
FNDA:2,(anonymous_6)
DA:4,2
DA:5,2
DA:11,2
DA:12,1
DA:27,2
DA:28,4
DA:29,4
DA:31,1
DA:38,3
DA:39,3
DA:40,3
DA:43,3
DA:46,2
DA:47,2
DA:48,1
DA:49,1
DA:52,1
DA:62,2
DA:86,2
DA:92,2
DA:93,2
DA:104,2
DA:105,2
DA:106,2
DA:107,2
DA:108,2
DA:118,2
DA:119,2
DA:120,2
DA:121,1
DA:123,1
DA:124,1
LF:32
LH:32
BRDA:29,0,0,1
BRDA:29,0,1,3
BRDA:47,1,0,1
BRDA:47,1,1,1
BRDA:106,2,0,2
BRDA:106,2,1,1
BRDA:120,3,0,1
BRDA:120,3,1,1
BRF:8
BRH:8
end_of_record
TN:
SF:middleware\auth.js
FN:14,(anonymous_0)
FN:27,(anonymous_1)
FN:48,(anonymous_2)
FN:68,(anonymous_3)
FNF:4
FNH:4
FNDA:2,(anonymous_0)
FNDA:4,(anonymous_1)
FNDA:4,(anonymous_2)
FNDA:2,(anonymous_3)
DA:4,1
DA:5,1
DA:6,1
DA:7,1
DA:8,1
DA:14,1
DA:15,2
DA:16,1
DA:17,1
DA:19,1
DA:27,1
DA:28,4
DA:29,4
DA:30,4
DA:31,3
DA:32,1
DA:34,2
DA:35,1
DA:37,1
DA:39,3
DA:48,1
DA:49,4
DA:50,4
DA:51,4
DA:52,3
DA:53,1
DA:55,2
DA:56,1
DA:58,1
DA:60,3
DA:68,1
DA:69,2
DA:70,1
DA:72,2
LF:34
LH:34
BRDA:15,0,0,1
BRDA:15,0,1,1
BRDA:31,1,0,1
BRDA:31,1,1,2
BRDA:34,2,0,1
BRDA:34,2,1,1
BRDA:52,3,0,1
BRDA:52,3,1,2
BRDA:55,4,0,1
BRDA:55,4,1,1
BRDA:69,5,0,1
BRDA:69,5,1,1
BRF:12
BRH:12
end_of_record
TN:
SF:middleware\errorHandler.js
FN:15,(anonymous_0)
FNF:1
FNH:1
FNDA:4,(anonymous_0)
DA:15,1
DA:16,4
DA:19,4
DA:26,4
DA:29,4
DA:32,4
DA:34,4
DA:36,4
DA:38,2
DA:45,2
DA:53,1
LF:11
LH:11
BRDA:20,0,0,4
BRDA:20,0,1,0
BRDA:29,1,0,4
BRDA:29,1,1,3
BRDA:36,2,0,2
BRDA:36,2,1,2
BRDA:40,3,0,2
BRDA:40,3,1,2
BRDA:48,4,0,2
BRDA:48,4,1,0
BRF:10
BRH:8
end_of_record
TN:
SF:middleware\index.js
FNF:0
FNH:0
DA:5,0
DA:6,0
DA:7,0
DA:8,0
DA:14,0
LF:5
LH:0
BRF:0
BRH:0
end_of_record
TN:
SF:middleware\logger.js
FN:12,(anonymous_0)
FN:17,(anonymous_1)
FNF:2
FNH:1
FNDA:4,(anonymous_0)
FNDA:0,(anonymous_1)
DA:4,1
DA:12,1
DA:14,4
DA:20,0
DA:25,4
DA:28,4
DA:31,1
LF:7
LH:6
BRDA:15,0,0,4
BRDA:15,0,1,4
BRF:2
BRH:2
end_of_record
TN:
SF:middleware\validation.js
FN:12,(anonymous_0)
FN:16,(anonymous_1)
FN:32,(anonymous_2)
FN:36,(anonymous_3)
FNF:4
FNH:4
FNDA:2,(anonymous_0)
FNDA:1,(anonymous_1)
FNDA:2,(anonymous_2)
FNDA:1,(anonymous_3)
DA:4,1
DA:5,1
DA:12,1
DA:13,2
DA:14,2
DA:16,1
DA:19,1
DA:21,1
DA:24,1
DA:32,1
DA:33,2
DA:34,2
DA:36,1
DA:39,1
DA:41,1
DA:44,1
LF:16
LH:16
BRDA:14,0,0,1
BRDA:14,0,1,1
BRDA:34,1,0,1
BRDA:34,1,1,1
BRF:4
BRH:4
end_of_record
TN:
SF:models\campground.js
FN:17,(anonymous_0)
FN:64,(anonymous_1)
FN:73,(anonymous_2)
FNF:3
FNH:0
FNDA:0,(anonymous_0)
FNDA:0,(anonymous_1)
FNDA:0,(anonymous_2)
DA:4,6
DA:5,6
DA:6,6
DA:12,6
DA:17,6
DA:19,0
DA:23,6
DA:28,6
DA:64,6
DA:65,0
DA:73,6
DA:74,0
DA:75,0
DA:81,6
LF:14
LH:10
BRDA:74,0,0,0
BRDA:74,0,1,0
BRF:2
BRH:0
end_of_record
TN:
SF:models\review.js
FNF:0
FNH:0
DA:1,6
DA:2,6
DA:15,6
DA:39,6
LF:4
LH:4
BRF:0
BRH:0
end_of_record
TN:
SF:models\user.js
FNF:0
FNH:0
DA:1,2
DA:2,2
DA:3,2
DA:14,2
DA:23,2
DA:25,2
LF:6
LH:6
BRF:0
BRH:0
end_of_record
TN:
SF:routes\campgrounds.js
FNF:0
FNH:0
DA:4,2
DA:5,2
DA:6,2
DA:7,2
DA:8,2
DA:9,2
DA:10,2
DA:11,2
DA:17,2
DA:31,2
DA:37,2
DA:53,2
DA:60,2
LF:13
LH:13
BRF:0
BRH:0
end_of_record
TN:
SF:routes\reviews.js
FNF:0
FNH:0
DA:4,2
DA:6,2
DA:8,2
DA:9,2
DA:10,2
DA:18,2
DA:26,2
DA:33,2
LF:8
LH:8
BRF:0
BRH:0
end_of_record
TN:
SF:routes\users.js
FN:30,prepareForm
FN:44,(anonymous_1)
FNF:2
FNH:2
FNDA:3,prepareForm
FNDA:5,(anonymous_1)
DA:4,2
DA:5,2
DA:6,2
DA:7,2
DA:8,2
DA:9,2
DA:10,2
DA:12,2
DA:19,2
DA:31,3
DA:32,0
DA:34,3
DA:35,3
DA:36,3
DA:44,5
DA:51,2
DA:63,2
DA:80,2
DA:82,2
LF:19
LH:18
BRDA:31,0,0,0
BRDA:31,0,1,3
BRDA:44,1,0,2
BRDA:44,1,1,0
BRF:4
BRH:2
end_of_record
TN:
SF:utils\ExpressError.js
FN:10,(anonymous_0)
FNF:1
FNH:1
FNDA:11,(anonymous_0)
DA:11,11
DA:12,11
DA:13,11
DA:14,11
DA:18,7
LF:5
LH:5
BRDA:10,0,0,0
BRF:1
BRH:0
end_of_record
TN:
SF:utils\catchAsync.js
FN:10,catchAsync
FN:11,(anonymous_1)
FNF:2
FNH:2
FNDA:18,catchAsync
FNDA:9,(anonymous_1)
DA:10,4
DA:11,18
DA:12,9
LF:3
LH:3
BRF:0
BRH:0
end_of_record
TN:
SF:utils\logger.js
FN:16,(anonymous_0)
FNF:1
FNH:1
FNDA:7,(anonymous_0)
DA:4,2
DA:5,2
DA:6,2
DA:7,2
DA:8,2
DA:16,2
DA:17,7
DA:18,7
DA:19,7
DA:20,7
DA:22,7
DA:24,7
DA:25,1
DA:28,7
DA:31,1
DA:35,2
LF:16
LH:16
BRDA:24,0,0,1
BRDA:24,0,1,6
BRF:2
BRH:2
end_of_record
TN:
SF:utils\errors\AppError.js
FN:12,(anonymous_0)
FNF:1
FNH:1
FNDA:7,(anonymous_0)
DA:4,5
DA:13,7
DA:17,5
LF:3
LH:3
BRDA:12,0,0,0
BRF:1
BRH:0
end_of_record
TN:
SF:utils\errors\AuthenticationError.js
FN:12,(anonymous_0)
FNF:1
FNH:1
FNDA:1,(anonymous_0)
DA:4,1
DA:13,1
DA:17,1
LF:3
LH:3
BRDA:12,0,0,0
BRF:1
BRH:0
end_of_record
TN:
SF:utils\errors\NotFoundError.js
FN:12,(anonymous_0)
FNF:1
FNH:1
FNDA:4,(anonymous_0)
DA:4,5
DA:13,4
DA:17,5
LF:3
LH:3
BRDA:12,0,0,0
BRF:1
BRH:0
end_of_record
TN:
SF:utils\errors\ValidationError.js
FN:12,(anonymous_0)
FNF:1
FNH:0
FNDA:0,(anonymous_0)
DA:4,0
DA:13,0
DA:17,0
LF:3
LH:0
BRF:0
BRH:0
end_of_record
