TN:
SF:app.js
FN:36,(anonymous_0)
FN:37,(anonymous_1)
FN:47,(anonymous_2)
FN:56,(anonymous_3)
FN:65,(anonymous_4)
FN:71,(anonymous_5)
FN:77,(anonymous_6)
FNF:7
FNH:5
FNDA:2,(anonymous_0)
FNDA:1,(anonymous_1)
FNDA:2,(anonymous_2)
FNDA:2,(anonymous_3)
FNDA:1,(anonymous_4)
FNDA:0,(anonymous_5)
FNDA:0,(anonymous_6)
DA:1,1
DA:2,1
DA:3,1
DA:4,1
DA:5,1
DA:6,1
DA:7,1
DA:8,1
DA:9,1
DA:10,1
DA:11,1
DA:13,1
DA:14,1
DA:15,1
DA:16,1
DA:18,1
DA:20,1
DA:22,1
DA:24,1
DA:25,1
DA:26,1
DA:27,1
DA:28,1
DA:30,1
DA:32,1
DA:33,1
DA:35,1
DA:36,1
DA:37,2
DA:38,2
DA:39,2
DA:43,1
DA:44,1
DA:45,1
DA:47,1
DA:48,2
DA:49,2
DA:50,2
DA:51,2
DA:52,2
DA:53,2
DA:56,1
DA:57,2
DA:58,2
DA:61,1
DA:62,1
DA:63,1
DA:65,1
DA:66,1
DA:67,1
DA:68,1
DA:71,1
DA:72,0
DA:73,0
DA:74,0
DA:77,1
DA:78,0
DA:79,0
DA:80,0
DA:83,1
DA:85,1
LF:61
LH:55
BRDA:35,0,0,1
BRDA:35,0,1,0
BRDA:50,1,0,2
BRDA:50,1,1,2
BRDA:78,2,0,0
BRDA:79,3,0,0
BRDA:79,3,1,0
BRF:7
BRH:3
end_of_record
TN:
SF:middleware.js
FN:9,(anonymous_0)
FN:19,(anonymous_1)
FN:22,(anonymous_2)
FN:30,(anonymous_3)
FN:49,(anonymous_4)
FN:68,(anonymous_5)
FN:71,(anonymous_6)
FN:78,(anonymous_7)
FNF:8
FNH:8
FNDA:2,(anonymous_0)
FNDA:2,(anonymous_1)
FNDA:1,(anonymous_2)
FNDA:4,(anonymous_3)
FNDA:4,(anonymous_4)
FNDA:2,(anonymous_5)
FNDA:1,(anonymous_6)
FNDA:2,(anonymous_7)
DA:2,2
DA:3,2
DA:4,2
DA:5,2
DA:6,2
DA:9,2
DA:10,2
DA:11,1
DA:12,1
DA:13,1
DA:15,1
DA:19,2
DA:20,2
DA:21,2
DA:22,1
DA:23,1
DA:24,1
DA:26,1
DA:30,2
DA:31,4
DA:32,4
DA:33,4
DA:34,3
DA:35,1
DA:36,1
DA:38,2
DA:39,1
DA:40,1
DA:42,1
DA:44,1
DA:49,2
DA:50,4
DA:51,4
DA:52,4
DA:53,3
DA:54,1
DA:55,1
DA:57,2
DA:58,1
DA:59,1
DA:61,1
DA:63,1
DA:68,2
DA:69,2
DA:70,2
DA:71,1
DA:72,1
DA:74,1
DA:78,2
DA:79,2
DA:80,1
DA:82,2
LF:52
LH:52
BRDA:10,0,0,1
BRDA:10,0,1,1
BRDA:21,1,0,1
BRDA:21,1,1,1
BRDA:34,2,0,1
BRDA:34,2,1,2
BRDA:38,3,0,1
BRDA:38,3,1,1
BRDA:53,4,0,1
BRDA:53,4,1,2
BRDA:57,5,0,1
BRDA:57,5,1,1
BRDA:70,6,0,1
BRDA:70,6,1,1
BRDA:79,7,0,1
BRDA:79,7,1,1
BRF:16
BRH:16
end_of_record
TN:
SF:schemas.js
FN:4,(anonymous_0)
FN:12,(anonymous_1)
FNF:2
FNH:2
FNDA:3,(anonymous_0)
FNDA:9,(anonymous_1)
DA:1,3
DA:2,3
DA:4,3
DA:13,9
DA:17,9
DA:18,0
DA:19,9
DA:25,3
DA:27,3
DA:37,3
LF:10
LH:9
BRDA:17,0,0,0
BRDA:17,0,1,9
BRF:2
BRH:1
end_of_record
TN:
SF:server.js
FN:15,(anonymous_0)
FN:18,(anonymous_1)
FNF:2
FNH:0
FNDA:0,(anonymous_0)
FNDA:0,(anonymous_1)
DA:2,0
DA:3,0
DA:4,0
DA:6,0
DA:8,0
DA:13,0
DA:14,0
DA:15,0
DA:16,0
DA:17,0
DA:18,0
DA:19,0
LF:12
LH:0
BRDA:6,0,0,0
BRDA:6,0,1,0
BRDA:17,1,0,0
BRDA:17,1,1,0
BRF:4
BRH:0
end_of_record
TN:
SF:cloudinary\index.js
FNF:0
FNH:0
DA:1,3
DA:2,3
DA:4,3
DA:10,3
DA:18,3
LF:5
LH:5
BRF:0
BRH:0
end_of_record
TN:
SF:config\basePath.js
FN:23,(anonymous_0)
FN:49,(anonymous_1)
FN:61,(anonymous_2)
FN:79,(anonymous_3)
FNF:4
FNH:1
FNDA:30,(anonymous_0)
FNDA:0,(anonymous_1)
FNDA:0,(anonymous_2)
FNDA:0,(anonymous_3)
DA:11,4
DA:23,4
DA:25,30
DA:28,30
DA:33,30
DA:34,0
DA:37,30
DA:49,4
DA:50,0
DA:61,4
DA:62,0
DA:63,0
DA:66,4
DA:79,0
LF:14
LH:9
BRDA:11,0,0,4
BRDA:11,0,1,0
BRDA:23,1,0,0
BRDA:25,2,0,0
BRDA:25,2,1,30
BRDA:28,3,0,0
BRDA:28,3,1,30
BRDA:33,4,0,0
BRDA:33,4,1,30
BRDA:62,5,0,0
BRDA:62,5,1,0
BRDA:74,6,0,4
BRDA:74,6,1,0
BRF:13
BRH:5
end_of_record
TN:
SF:config\database.js
FN:5,(anonymous_0)
FNF:1
FNH:0
FNDA:0,(anonymous_0)
DA:3,0
DA:5,0
DA:6,0
DA:7,0
DA:8,0
DA:12,0
DA:14,0
DA:15,0
DA:19,0
LF:9
LH:0
BRDA:7,0,0,0
BRDA:7,0,1,0
BRF:2
BRH:0
end_of_record
TN:
SF:config\passport.js
FN:7,(anonymous_0)
FNF:1
FNH:1
FNDA:1,(anonymous_0)
DA:3,1
DA:4,1
DA:5,1
DA:7,1
DA:8,1
DA:15,1
DA:16,1
DA:19,1
LF:8
LH:8
BRF:0
BRH:0
end_of_record
TN:
SF:config\security.js
FNF:0
FNH:0
DA:3,1
DA:5,1
DA:44,1
LF:3
LH:3
BRF:0
BRH:0
end_of_record
TN:
SF:config\session.js
FNF:0
FNH:0
DA:3,1
DA:16,1
LF:2
LH:2
BRDA:4,0,0,1
BRDA:4,0,1,0
BRDA:11,1,0,1
BRDA:11,1,1,0
BRF:4
BRH:2
end_of_record
TN:
SF:config\swagger.js
FN:25,(anonymous_0)
FNF:1
FNH:1
FNDA:1,(anonymous_0)
DA:3,1
DA:4,1
DA:6,1
DA:23,1
DA:25,1
DA:26,1
DA:33,1
LF:7
LH:7
BRDA:16,0,0,1
BRDA:16,0,1,0
BRDA:27,1,0,1
BRDA:27,1,1,0
BRF:4
BRH:2
end_of_record
TN:
SF:controllers\campgrounds.js
FN:9,(anonymous_0)
FN:15,(anonymous_1)
FN:20,(anonymous_2)
FN:31,(anonymous_3)
FN:45,(anonymous_4)
FN:69,(anonymous_5)
FN:84,(anonymous_6)
FN:90,(anonymous_7)
FN:107,(anonymous_8)
FNF:9
FNH:7
FNDA:1,(anonymous_0)
FNDA:0,(anonymous_1)
FNDA:2,(anonymous_2)
FNDA:1,(anonymous_3)
FNDA:2,(anonymous_4)
FNDA:0,(anonymous_5)
FNDA:1,(anonymous_6)
FNDA:1,(anonymous_7)
FNDA:1,(anonymous_8)
DA:2,3
DA:3,3
DA:4,3
DA:5,3
DA:6,3
DA:7,3
DA:9,3
DA:11,1
DA:12,1
DA:15,3
DA:17,0
DA:20,3
DA:21,2
DA:22,2
DA:29,1
DA:30,1
DA:31,1
DA:35,1
DA:36,1
DA:38,1
DA:39,1
DA:41,1
DA:45,3
DA:46,2
DA:55,2
DA:56,1
DA:57,1
DA:61,1
DA:62,1
DA:66,1
DA:69,3
DA:70,0
DA:71,0
DA:73,0
DA:74,0
DA:75,0
DA:79,0
DA:81,0
DA:84,3
DA:85,1
DA:86,1
DA:90,1
DA:91,1
DA:92,1
DA:94,1
DA:95,0
DA:96,0
DA:98,0
DA:103,1
DA:104,1
DA:107,3
DA:108,1
DA:109,1
DA:110,1
DA:111,1
LF:55
LH:44
BRDA:55,0,0,1
BRDA:55,0,1,1
BRDA:62,1,0,1
BRDA:62,1,1,0
BRDA:73,2,0,0
BRDA:73,2,1,0
BRDA:94,3,0,0
BRDA:94,3,1,1
BRF:8
BRH:4
end_of_record
TN:
SF:controllers\reviews.js
FN:4,(anonymous_0)
FN:15,(anonymous_1)
FNF:2
FNH:2
FNDA:1,(anonymous_0)
FNDA:1,(anonymous_1)
DA:1,2
DA:2,2
DA:4,2
DA:5,1
DA:6,1
DA:7,1
DA:8,1
DA:9,1
DA:10,1
DA:11,1
DA:12,1
DA:15,2
DA:16,1
DA:17,1
DA:18,1
DA:19,1
DA:20,1
LF:17
LH:17
BRF:0
BRH:0
end_of_record
TN:
SF:controllers\users.js
FN:4,(anonymous_0)
FN:12,(anonymous_1)
FN:28,(anonymous_2)
FN:65,(anonymous_3)
FN:72,(anonymous_4)
FN:79,(anonymous_5)
FN:80,(anonymous_6)
FNF:7
FNH:7
FNDA:1,(anonymous_0)
FNDA:4,(anonymous_1)
FNDA:2,(anonymous_2)
FNDA:2,(anonymous_3)
FNDA:2,(anonymous_4)
FNDA:2,(anonymous_5)
FNDA:2,(anonymous_6)
DA:1,2
DA:2,2
DA:4,2
DA:5,1
DA:12,2
DA:13,4
DA:14,4
DA:17,1
DA:24,3
DA:25,3
DA:26,3
DA:27,3
DA:28,2
DA:29,2
DA:30,1
DA:31,1
DA:34,1
DA:35,1
DA:39,2
DA:63,2
DA:65,2
DA:66,2
DA:72,2
DA:73,2
DA:74,2
DA:75,2
DA:76,2
DA:79,2
DA:80,2
DA:81,2
DA:82,1
DA:84,1
DA:85,1
LF:33
LH:33
BRDA:14,0,0,1
BRDA:14,0,1,3
BRDA:29,1,0,1
BRDA:29,1,1,1
BRDA:74,2,0,2
BRDA:74,2,1,1
BRDA:81,3,0,1
BRDA:81,3,1,1
BRF:8
BRH:8
end_of_record
TN:
SF:middleware\auth.js
FN:5,(anonymous_0)
FN:14,(anonymous_1)
FN:32,(anonymous_2)
FN:50,(anonymous_3)
FNF:4
FNH:4
FNDA:2,(anonymous_0)
FNDA:4,(anonymous_1)
FNDA:4,(anonymous_2)
FNDA:2,(anonymous_3)
DA:1,1
DA:2,1
DA:3,1
DA:5,1
DA:6,2
DA:7,1
DA:8,1
DA:9,1
DA:11,1
DA:14,1
DA:15,4
DA:16,4
DA:17,4
DA:18,3
DA:19,1
DA:20,1
DA:22,2
DA:23,1
DA:24,1
DA:26,1
DA:28,1
DA:32,1
DA:33,4
DA:34,4
DA:35,4
DA:36,3
DA:37,1
DA:38,1
DA:40,2
DA:41,1
DA:42,1
DA:44,1
DA:46,1
DA:50,1
DA:51,2
DA:52,1
DA:54,2
LF:37
LH:37
BRDA:6,0,0,1
BRDA:6,0,1,1
BRDA:18,1,0,1
BRDA:18,1,1,2
BRDA:22,2,0,1
BRDA:22,2,1,1
BRDA:36,3,0,1
BRDA:36,3,1,2
BRDA:40,4,0,1
BRDA:40,4,1,1
BRDA:51,5,0,1
BRDA:51,5,1,1
BRF:12
BRH:12
end_of_record
TN:
SF:middleware\errorHandler.js
FN:7,(anonymous_0)
FNF:1
FNH:1
FNDA:4,(anonymous_0)
DA:1,1
DA:7,1
DA:9,4
DA:15,4
DA:19,4
DA:20,4
DA:23,4
DA:24,2
DA:26,2
DA:30,1
LF:10
LH:10
BRDA:19,0,0,1
BRDA:19,0,1,3
BRDA:19,1,0,4
BRDA:19,1,1,4
BRDA:23,2,0,2
BRDA:23,2,1,2
BRF:6
BRH:6
end_of_record
TN:
SF:middleware\index.js
FNF:0
FNH:0
DA:1,0
DA:2,0
DA:3,0
DA:4,0
DA:6,0
LF:5
LH:0
BRF:0
BRH:0
end_of_record
TN:
SF:middleware\logger.js
FN:13,(anonymous_0)
FN:35,(anonymous_1)
FNF:2
FNH:1
FNDA:3,(anonymous_0)
FNDA:0,(anonymous_1)
DA:1,3
DA:2,3
DA:3,3
DA:4,3
DA:5,3
DA:13,3
DA:14,3
DA:15,3
DA:16,3
DA:17,3
DA:19,3
DA:21,3
DA:22,1
DA:25,3
DA:27,1
DA:35,3
DA:36,0
DA:40,0
DA:41,0
DA:44,3
LF:20
LH:17
BRDA:21,0,0,1
BRDA:21,0,1,2
BRDA:37,1,0,0
BRDA:37,1,1,0
BRF:4
BRH:2
end_of_record
TN:
SF:middleware\validation.js
FN:4,(anonymous_0)
FN:7,(anonymous_1)
FN:14,(anonymous_2)
FN:17,(anonymous_3)
FNF:4
FNH:4
FNDA:2,(anonymous_0)
FNDA:1,(anonymous_1)
FNDA:2,(anonymous_2)
FNDA:1,(anonymous_3)
DA:1,1
DA:2,1
DA:4,1
DA:5,2
DA:6,2
DA:7,1
DA:8,1
DA:9,1
DA:11,1
DA:14,1
DA:15,2
DA:16,2
DA:17,1
DA:18,1
DA:20,1
LF:15
LH:15
BRDA:6,0,0,1
BRDA:6,0,1,1
BRDA:16,1,0,1
BRDA:16,1,1,1
BRF:4
BRH:4
end_of_record
TN:
SF:models\campground.js
FN:11,(anonymous_0)
FN:53,(anonymous_1)
FN:60,(anonymous_2)
FNF:3
FNH:0
FNDA:0,(anonymous_0)
FNDA:0,(anonymous_1)
FNDA:0,(anonymous_2)
DA:1,7
DA:2,7
DA:3,7
DA:6,7
DA:11,7
DA:13,0
DA:17,7
DA:19,7
DA:53,7
DA:54,0
DA:60,7
DA:61,0
DA:62,0
DA:68,7
LF:14
LH:10
BRDA:61,0,0,0
BRDA:61,0,1,0
BRF:2
BRH:0
end_of_record
TN:
SF:models\review.js
FNF:0
FNH:0
DA:1,7
DA:2,7
DA:4,7
DA:28,7
LF:4
LH:4
BRF:0
BRH:0
end_of_record
TN:
SF:models\user.js
FNF:0
FNH:0
DA:1,3
DA:2,3
DA:3,3
DA:5,3
DA:14,3
DA:16,3
LF:6
LH:6
BRF:0
BRH:0
end_of_record
TN:
SF:routes\campgrounds.js
FNF:0
FNH:0
DA:1,2
DA:2,2
DA:3,2
DA:4,2
DA:5,2
DA:6,2
DA:7,2
DA:8,2
DA:10,2
DA:20,2
DA:22,2
DA:34,2
DA:41,2
LF:13
LH:13
BRF:0
BRH:0
end_of_record
TN:
SF:routes\reviews.js
FNF:0
FNH:0
DA:1,2
DA:2,2
DA:3,2
DA:4,2
DA:5,2
DA:7,2
DA:9,2
DA:16,2
LF:8
LH:8
BRF:0
BRH:0
end_of_record
TN:
SF:routes\users.js
FN:19,prepareForm
FN:30,(anonymous_1)
FNF:2
FNH:2
FNDA:3,prepareForm
FNDA:5,(anonymous_1)
DA:1,2
DA:2,2
DA:3,2
DA:4,2
DA:5,2
DA:6,2
DA:7,2
DA:9,2
DA:12,2
DA:20,3
DA:21,0
DA:23,3
DA:24,3
DA:25,3
DA:30,5
DA:32,2
DA:37,2
DA:50,2
DA:52,2
LF:19
LH:18
BRDA:20,0,0,0
BRDA:20,0,1,3
BRDA:30,1,0,2
BRDA:30,1,1,0
BRF:4
BRH:2
end_of_record
TN:
SF:utils\ExpressError.js
FN:7,(anonymous_0)
FNF:1
FNH:1
FNDA:4,(anonymous_0)
DA:8,4
DA:9,4
DA:10,4
DA:11,4
DA:15,3
LF:5
LH:5
BRDA:7,0,0,0
BRF:1
BRH:0
end_of_record
TN:
SF:utils\catchAsync.js
FN:6,catchAsync
FN:7,(anonymous_1)
FNF:2
FNH:2
FNDA:18,catchAsync
FNDA:9,(anonymous_1)
DA:6,4
DA:7,18
DA:8,9
LF:3
LH:3
BRF:0
BRH:0
end_of_record
